{"meta": {"format": 3, "version": "7.10.6", "timestamp": "2025-09-21T00:56:13.633305", "branch_coverage": false, "show_contexts": false}, "files": {"opera_cloud_mcp/__init__.py": {"executed_lines": [1, 8, 9, 10, 13, 15], "summary": {"covered_lines": 5, "num_statements": 5, "percent_covered": 100.0, "percent_covered_display": "100", "missing_lines": 0, "excluded_lines": 0}, "missing_lines": [], "excluded_lines": [], "functions": {"": {"executed_lines": [1, 8, 9, 10, 13, 15], "summary": {"covered_lines": 5, "num_statements": 5, "percent_covered": 100.0, "percent_covered_display": "100", "missing_lines": 0, "excluded_lines": 0}, "missing_lines": [], "excluded_lines": []}}, "classes": {"": {"executed_lines": [1, 8, 9, 10, 13, 15], "summary": {"covered_lines": 5, "num_statements": 5, "percent_covered": 100.0, "percent_covered_display": "100", "missing_lines": 0, "excluded_lines": 0}, "missing_lines": [], "excluded_lines": []}}}, "opera_cloud_mcp/__main__.py": {"executed_lines": [], "summary": {"covered_lines": 0, "num_statements": 2, "percent_covered": 0.0, "percent_covered_display": "0", "missing_lines": 2, "excluded_lines": 2}, "missing_lines": [7, 9], "excluded_lines": [11, 12], "functions": {"": {"executed_lines": [], "summary": {"covered_lines": 0, "num_statements": 2, "percent_covered": 0.0, "percent_covered_display": "0", "missing_lines": 2, "excluded_lines": 2}, "missing_lines": [7, 9], "excluded_lines": [11, 12]}}, "classes": {"": {"executed_lines": [], "summary": {"covered_lines": 0, "num_statements": 2, "percent_covered": 0.0, "percent_covered_display": "0", "missing_lines": 2, "excluded_lines": 2}, "missing_lines": [7, 9], "excluded_lines": [11, 12]}}}, "opera_cloud_mcp/auth/__init__.py": {"executed_lines": [1, 9, 10, 12, 13, 14, 15, 22, 26, 27, 30, 67, 69, 107, 123, 124, 125, 126, 127, 129, 132, 134, 137, 155, 158, 159, 160, 165, 167, 169, 188, 257, 269, 285, 300, 320, 357], "summary": {"covered_lines": 36, "num_statements": 73, "percent_covered": 49.31506849315068, "percent_covered_display": "49", "missing_lines": 37, "excluded_lines": 0}, "missing_lines": [185, 205, 207, 245, 248, 249, 251, 254, 261, 262, 263, 266, 273, 274, 275, 278, 279, 280, 281, 282, 289, 290, 294, 295, 306, 307, 308, 311, 313, 314, 317, 334, 342, 345, 348, 351, 353], "excluded_lines": [], "functions": {"create_enhanced_oauth_security": {"executed_lines": [67, 69, 107, 123, 124, 125, 126, 127, 129, 132, 134], "summary": {"covered_lines": 11, "num_statements": 11, "percent_covered": 100.0, "percent_covered_display": "100", "missing_lines": 0, "excluded_lines": 0}, "missing_lines": [], "excluded_lines": []}, "create_oauth_handler": {"executed_lines": [155, 158, 159, 160, 165, 167, 169], "summary": {"covered_lines": 7, "num_statements": 8, "percent_covered": 87.5, "percent_covered_display": "88", "missing_lines": 1, "excluded_lines": 0}, "missing_lines": [185], "excluded_lines": []}, "create_security_components": {"executed_lines": [], "summary": {"covered_lines": 0, "num_statements": 7, "percent_covered": 0.0, "percent_covered_display": "0", "missing_lines": 7, "excluded_lines": 0}, "missing_lines": [205, 207, 245, 248, 249, 251, 254], "excluded_lines": []}, "_validate_main_settings": {"executed_lines": [], "summary": {"covered_lines": 0, "num_statements": 4, "percent_covered": 0.0, "percent_covered_display": "0", "missing_lines": 4, "excluded_lines": 0}, "missing_lines": [261, 262, 263, 266], "excluded_lines": []}, "_validate_security_settings": {"executed_lines": [], "summary": {"covered_lines": 0, "num_statements": 8, "percent_covered": 0.0, "percent_covered_display": "0", "missing_lines": 8, "excluded_lines": 0}, "missing_lines": [273, 274, 275, 278, 279, 280, 281, 282], "excluded_lines": []}, "_add_security_recommendations": {"executed_lines": [], "summary": {"covered_lines": 0, "num_statements": 4, "percent_covered": 0.0, "percent_covered_display": "0", "missing_lines": 4, "excluded_lines": 0}, "missing_lines": [289, 290, 294, 295], "excluded_lines": []}, "_validate_production_settings": {"executed_lines": [], "summary": {"covered_lines": 0, "num_statements": 7, "percent_covered": 0.0, "percent_covered_display": "0", "missing_lines": 7, "excluded_lines": 0}, "missing_lines": [306, 307, 308, 311, 313, 314, 317], "excluded_lines": []}, "validate_security_configuration": {"executed_lines": [], "summary": {"covered_lines": 0, "num_statements": 6, "percent_covered": 0.0, "percent_covered_display": "0", "missing_lines": 6, "excluded_lines": 0}, "missing_lines": [334, 342, 345, 348, 351, 353], "excluded_lines": []}, "": {"executed_lines": [1, 9, 10, 12, 13, 14, 15, 22, 26, 27, 30, 137, 188, 257, 269, 285, 300, 320, 357], "summary": {"covered_lines": 18, "num_statements": 18, "percent_covered": 100.0, "percent_covered_display": "100", "missing_lines": 0, "excluded_lines": 0}, "missing_lines": [], "excluded_lines": []}}, "classes": {"": {"executed_lines": [1, 9, 10, 12, 13, 14, 15, 22, 26, 27, 30, 67, 69, 107, 123, 124, 125, 126, 127, 129, 132, 134, 137, 155, 158, 159, 160, 165, 167, 169, 188, 257, 269, 285, 300, 320, 357], "summary": {"covered_lines": 36, "num_statements": 73, "percent_covered": 49.31506849315068, "percent_covered_display": "49", "missing_lines": 37, "excluded_lines": 0}, "missing_lines": [185, 205, 207, 245, 248, 249, 251, 254, 261, 262, 263, 266, 273, 274, 275, 278, 279, 280, 281, 282, 289, 290, 294, 295, 306, 307, 308, 311, 313, 314, 317, 334, 342, 345, 348, 351, 353], "excluded_lines": []}}}, "opera_cloud_mcp/auth/audit_logger.py": {"executed_lines": [1, 8, 9, 10, 11, 12, 13, 14, 15, 16, 18, 19, 20, 22, 24, 27, 28, 30, 31, 32, 33, 34, 35, 36, 37, 38, 39, 40, 42, 63, 70, 71, 73, 77, 80, 83, 86, 89, 91, 93, 98, 101, 104, 107, 109, 111, 113, 114, 115, 116, 121, 122, 123, 124, 128, 130, 132, 134, 137, 138, 140, 141, 142, 145, 163, 167, 171, 175, 181, 193, 196, 198, 264, 303, 338, 357, 370, 396, 438, 535, 575, 602, 624, 657, 658, 660, 664, 665, 666, 668, 710, 733, 768, 809], "summary": {"covered_lines": 90, "num_statements": 303, "percent_covered": 29.702970297029704, "percent_covered_display": "30", "missing_lines": 213, "excluded_lines": 0}, "missing_lines": [45, 49, 50, 51, 52, 55, 56, 59, 61, 65, 66, 67, 84, 96, 117, 118, 125, 126, 200, 201, 203, 206, 207, 208, 209, 212, 213, 214, 218, 219, 220, 244, 254, 255, 258, 260, 261, 262, 266, 267, 269, 293, 294, 295, 297, 299, 300, 301, 312, 313, 315, 316, 317, 319, 320, 321, 323, 324, 325, 326, 328, 329, 330, 332, 333, 334, 336, 342, 350, 351, 353, 355, 361, 362, 363, 364, 365, 366, 367, 368, 373, 375, 390, 391, 393, 394, 406, 407, 408, 409, 411, 416, 417, 419, 420, 423, 424, 425, 426, 427, 429, 432, 434, 435, 436, 440, 441, 442, 443, 444, 449, 453, 456, 466, 469, 480, 483, 499, 502, 510, 512, 529, 531, 532, 533, 537, 538, 539, 541, 542, 543, 546, 549, 554, 563, 565, 566, 569, 571, 572, 573, 577, 579, 580, 581, 582, 584, 598, 599, 600, 604, 613, 614, 616, 617, 618, 620, 622, 626, 627, 628, 629, 631, 632, 634, 636, 650, 652, 653, 654, 679, 681, 682, 683, 684, 687, 691, 704, 706, 707, 708, 718, 719, 721, 722, 726, 735, 738, 741, 744, 745, 746, 748, 749, 750, 751, 752, 754, 772, 774, 779, 780, 784, 785, 789, 790, 795, 796, 797, 798, 802, 803, 805], "excluded_lines": [], "functions": {"AuditRecord.calculate_checksum": {"executed_lines": [], "summary": {"covered_lines": 0, "num_statements": 9, "percent_covered": 0.0, "percent_covered_display": "0", "missing_lines": 9, "excluded_lines": 0}, "missing_lines": [45, 49, 50, 51, 52, 55, 56, 59, 61], "excluded_lines": []}, "AuditRecord.verify_checksum": {"executed_lines": [], "summary": {"covered_lines": 0, "num_statements": 3, "percent_covered": 0.0, "percent_covered_display": "0", "missing_lines": 3, "excluded_lines": 0}, "missing_lines": [65, 66, 67], "excluded_lines": []}, "AuditDatabase.__init__": {"executed_lines": [77, 80, 83, 86, 89, 91, 93, 98, 101, 104, 107], "summary": {"covered_lines": 11, "num_statements": 13, "percent_covered": 84.61538461538461, "percent_covered_display": "85", "missing_lines": 2, "excluded_lines": 0}, "missing_lines": [84, 96], "excluded_lines": []}, "AuditDatabase._get_or_create_encryption_key": {"executed_lines": [111, 113, 114, 115, 116, 121, 122, 123, 124, 128], "summary": {"covered_lines": 10, "num_statements": 14, "percent_covered": 71.42857142857143, "percent_covered_display": "71", "missing_lines": 4, "excluded_lines": 0}, "missing_lines": [117, 118, 125, 126], "excluded_lines": []}, "AuditDatabase._init_database": {"executed_lines": [132, 134, 137, 138, 140, 141, 142, 145, 163, 167, 171, 175, 181, 193, 196], "summary": {"covered_lines": 15, "num_statements": 15, "percent_covered": 100.0, "percent_covered_display": "100", "missing_lines": 0, "excluded_lines": 0}, "missing_lines": [], "excluded_lines": []}, "AuditDatabase.insert_record": {"executed_lines": [], "summary": {"covered_lines": 0, "num_statements": 20, "percent_covered": 0.0, "percent_covered_display": "0", "missing_lines": 20, "excluded_lines": 0}, "missing_lines": [200, 201, 203, 206, 207, 208, 209, 212, 213, 214, 218, 219, 220, 244, 254, 255, 258, 260, 261, 262], "excluded_lines": []}, "AuditDatabase.insert_record_sqlmodel": {"executed_lines": [], "summary": {"covered_lines": 0, "num_statements": 10, "percent_covered": 0.0, "percent_covered_display": "0", "missing_lines": 10, "excluded_lines": 0}, "missing_lines": [266, 267, 269, 293, 294, 295, 297, 299, 300, 301], "excluded_lines": []}, "AuditDatabase._build_query_conditions": {"executed_lines": [], "summary": {"covered_lines": 0, "num_statements": 19, "percent_covered": 0.0, "percent_covered_display": "0", "missing_lines": 19, "excluded_lines": 0}, "missing_lines": [312, 313, 315, 316, 317, 319, 320, 321, 323, 324, 325, 326, 328, 329, 330, 332, 333, 334, 336], "excluded_lines": []}, "AuditDatabase._build_query": {"executed_lines": [], "summary": {"covered_lines": 0, "num_statements": 5, "percent_covered": 0.0, "percent_covered_display": "0", "missing_lines": 5, "excluded_lines": 0}, "missing_lines": [342, 350, 351, 353, 355], "excluded_lines": []}, "AuditDatabase._decrypt_record_details": {"executed_lines": [], "summary": {"covered_lines": 0, "num_statements": 8, "percent_covered": 0.0, "percent_covered_display": "0", "missing_lines": 8, "excluded_lines": 0}, "missing_lines": [361, 362, 363, 364, 365, 366, 367, 368], "excluded_lines": []}, "AuditDatabase._convert_row_to_record": {"executed_lines": [], "summary": {"covered_lines": 0, "num_statements": 6, "percent_covered": 0.0, "percent_covered_display": "0", "missing_lines": 6, "excluded_lines": 0}, "missing_lines": [373, 375, 390, 391, 393, 394], "excluded_lines": []}, "AuditDatabase.query_records": {"executed_lines": [], "summary": {"covered_lines": 0, "num_statements": 19, "percent_covered": 0.0, "percent_covered_display": "0", "missing_lines": 19, "excluded_lines": 0}, "missing_lines": [406, 407, 408, 409, 411, 416, 417, 419, 420, 423, 424, 425, 426, 427, 429, 432, 434, 435, 436], "excluded_lines": []}, "AuditDatabase.get_statistics": {"executed_lines": [], "summary": {"covered_lines": 0, "num_statements": 20, "percent_covered": 0.0, "percent_covered_display": "0", "missing_lines": 20, "excluded_lines": 0}, "missing_lines": [440, 441, 442, 443, 444, 449, 453, 456, 466, 469, 480, 483, 499, 502, 510, 512, 529, 531, 532, 533], "excluded_lines": []}, "AuditDatabase.cleanup_old_records": {"executed_lines": [], "summary": {"covered_lines": 0, "num_statements": 16, "percent_covered": 0.0, "percent_covered_display": "0", "missing_lines": 16, "excluded_lines": 0}, "missing_lines": [537, 538, 539, 541, 542, 543, 546, 549, 554, 563, 565, 566, 569, 571, 572, 573], "excluded_lines": []}, "AuditDatabase._verify_record_integrity": {"executed_lines": [], "summary": {"covered_lines": 0, "num_statements": 9, "percent_covered": 0.0, "percent_covered_display": "0", "missing_lines": 9, "excluded_lines": 0}, "missing_lines": [577, 579, 580, 581, 582, 584, 598, 599, 600], "excluded_lines": []}, "AuditDatabase._check_all_records": {"executed_lines": [], "summary": {"covered_lines": 0, "num_statements": 8, "percent_covered": 0.0, "percent_covered_display": "0", "missing_lines": 8, "excluded_lines": 0}, "missing_lines": [604, 613, 614, 616, 617, 618, 620, 622], "excluded_lines": []}, "AuditDatabase.verify_database_integrity": {"executed_lines": [], "summary": {"covered_lines": 0, "num_statements": 12, "percent_covered": 0.0, "percent_covered_display": "0", "missing_lines": 12, "excluded_lines": 0}, "missing_lines": [626, 627, 628, 629, 631, 632, 634, 636, 650, 652, 653, 654], "excluded_lines": []}, "AuditLogger.__init__": {"executed_lines": [664, 665, 666], "summary": {"covered_lines": 3, "num_statements": 3, "percent_covered": 100.0, "percent_covered_display": "100", "missing_lines": 0, "excluded_lines": 0}, "missing_lines": [], "excluded_lines": []}, "AuditLogger.log_authentication_event": {"executed_lines": [], "summary": {"covered_lines": 0, "num_statements": 11, "percent_covered": 0.0, "percent_covered_display": "0", "missing_lines": 11, "excluded_lines": 0}, "missing_lines": [679, 681, 682, 683, 684, 687, 691, 704, 706, 707, 708], "excluded_lines": []}, "AuditLogger.get_audit_trail": {"executed_lines": [], "summary": {"covered_lines": 0, "num_statements": 5, "percent_covered": 0.0, "percent_covered_display": "0", "missing_lines": 5, "excluded_lines": 0}, "missing_lines": [718, 719, 721, 722, 726], "excluded_lines": []}, "AuditLogger.get_security_report": {"executed_lines": [], "summary": {"covered_lines": 0, "num_statements": 12, "percent_covered": 0.0, "percent_covered_display": "0", "missing_lines": 12, "excluded_lines": 0}, "missing_lines": [735, 738, 741, 744, 745, 746, 748, 749, 750, 751, 752, 754], "excluded_lines": []}, "AuditLogger._generate_recommendations": {"executed_lines": [], "summary": {"covered_lines": 0, "num_statements": 15, "percent_covered": 0.0, "percent_covered_display": "0", "missing_lines": 15, "excluded_lines": 0}, "missing_lines": [772, 774, 779, 780, 784, 785, 789, 790, 795, 796, 797, 798, 802, 803, 805], "excluded_lines": []}, "": {"executed_lines": [1, 8, 9, 10, 11, 12, 13, 14, 15, 16, 18, 19, 20, 22, 24, 27, 28, 30, 31, 32, 33, 34, 35, 36, 37, 38, 39, 40, 42, 63, 70, 71, 73, 109, 130, 198, 264, 303, 338, 357, 370, 396, 438, 535, 575, 602, 624, 657, 658, 660, 668, 710, 733, 768, 809], "summary": {"covered_lines": 51, "num_statements": 51, "percent_covered": 100.0, "percent_covered_display": "100", "missing_lines": 0, "excluded_lines": 0}, "missing_lines": [], "excluded_lines": []}}, "classes": {"AuditRecord": {"executed_lines": [], "summary": {"covered_lines": 0, "num_statements": 12, "percent_covered": 0.0, "percent_covered_display": "0", "missing_lines": 12, "excluded_lines": 0}, "missing_lines": [45, 49, 50, 51, 52, 55, 56, 59, 61, 65, 66, 67], "excluded_lines": []}, "AuditDatabase": {"executed_lines": [77, 80, 83, 86, 89, 91, 93, 98, 101, 104, 107, 111, 113, 114, 115, 116, 121, 122, 123, 124, 128, 132, 134, 137, 138, 140, 141, 142, 145, 163, 167, 171, 175, 181, 193, 196], "summary": {"covered_lines": 36, "num_statements": 194, "percent_covered": 18.556701030927837, "percent_covered_display": "19", "missing_lines": 158, "excluded_lines": 0}, "missing_lines": [84, 96, 117, 118, 125, 126, 200, 201, 203, 206, 207, 208, 209, 212, 213, 214, 218, 219, 220, 244, 254, 255, 258, 260, 261, 262, 266, 267, 269, 293, 294, 295, 297, 299, 300, 301, 312, 313, 315, 316, 317, 319, 320, 321, 323, 324, 325, 326, 328, 329, 330, 332, 333, 334, 336, 342, 350, 351, 353, 355, 361, 362, 363, 364, 365, 366, 367, 368, 373, 375, 390, 391, 393, 394, 406, 407, 408, 409, 411, 416, 417, 419, 420, 423, 424, 425, 426, 427, 429, 432, 434, 435, 436, 440, 441, 442, 443, 444, 449, 453, 456, 466, 469, 480, 483, 499, 502, 510, 512, 529, 531, 532, 533, 537, 538, 539, 541, 542, 543, 546, 549, 554, 563, 565, 566, 569, 571, 572, 573, 577, 579, 580, 581, 582, 584, 598, 599, 600, 604, 613, 614, 616, 617, 618, 620, 622, 626, 627, 628, 629, 631, 632, 634, 636, 650, 652, 653, 654], "excluded_lines": []}, "AuditLogger": {"executed_lines": [664, 665, 666], "summary": {"covered_lines": 3, "num_statements": 46, "percent_covered": 6.521739130434782, "percent_covered_display": "7", "missing_lines": 43, "excluded_lines": 0}, "missing_lines": [679, 681, 682, 683, 684, 687, 691, 704, 706, 707, 708, 718, 719, 721, 722, 726, 735, 738, 741, 744, 745, 746, 748, 749, 750, 751, 752, 754, 772, 774, 779, 780, 784, 785, 789, 790, 795, 796, 797, 798, 802, 803, 805], "excluded_lines": []}, "": {"executed_lines": [1, 8, 9, 10, 11, 12, 13, 14, 15, 16, 18, 19, 20, 22, 24, 27, 28, 30, 31, 32, 33, 34, 35, 36, 37, 38, 39, 40, 42, 63, 70, 71, 73, 109, 130, 198, 264, 303, 338, 357, 370, 396, 438, 535, 575, 602, 624, 657, 658, 660, 668, 710, 733, 768, 809], "summary": {"covered_lines": 51, "num_statements": 51, "percent_covered": 100.0, "percent_covered_display": "100", "missing_lines": 0, "excluded_lines": 0}, "missing_lines": [], "excluded_lines": []}}}, "opera_cloud_mcp/auth/audit_sqlmodel.py": {"executed_lines": [], "summary": {"covered_lines": 0, "num_statements": 63, "percent_covered": 0.0, "percent_covered_display": "0", "missing_lines": 63, "excluded_lines": 0}, "missing_lines": [8, 9, 10, 11, 12, 14, 15, 17, 18, 20, 23, 26, 30, 33, 36, 37, 39, 42, 43, 45, 47, 49, 52, 55, 57, 59, 61, 62, 63, 64, 65, 66, 69, 70, 71, 72, 73, 74, 76, 78, 80, 82, 106, 107, 108, 110, 112, 113, 114, 116, 123, 124, 125, 127, 128, 130, 131, 133, 135, 136, 138, 139, 140], "excluded_lines": [], "functions": {"AuditLoggerSQLModel.__init__": {"executed_lines": [], "summary": {"covered_lines": 0, "num_statements": 12, "percent_covered": 0.0, "percent_covered_display": "0", "missing_lines": 12, "excluded_lines": 0}, "missing_lines": [30, 33, 36, 37, 39, 42, 43, 45, 47, 49, 52, 55], "excluded_lines": []}, "AuditLoggerSQLModel._get_or_create_encryption_key": {"executed_lines": [], "summary": {"covered_lines": 0, "num_statements": 14, "percent_covered": 0.0, "percent_covered_display": "0", "missing_lines": 14, "excluded_lines": 0}, "missing_lines": [59, 61, 62, 63, 64, 65, 66, 69, 70, 71, 72, 73, 74, 76], "excluded_lines": []}, "AuditLoggerSQLModel.log_audit_event": {"executed_lines": [], "summary": {"covered_lines": 0, "num_statements": 9, "percent_covered": 0.0, "percent_covered_display": "0", "missing_lines": 9, "excluded_lines": 0}, "missing_lines": [80, 82, 106, 107, 108, 110, 112, 113, 114], "excluded_lines": []}, "AuditLoggerSQLModel.get_audit_events": {"executed_lines": [], "summary": {"covered_lines": 0, "num_statements": 13, "percent_covered": 0.0, "percent_covered_display": "0", "missing_lines": 13, "excluded_lines": 0}, "missing_lines": [123, 124, 125, 127, 128, 130, 131, 133, 135, 136, 138, 139, 140], "excluded_lines": []}, "": {"executed_lines": [], "summary": {"covered_lines": 0, "num_statements": 15, "percent_covered": 0.0, "percent_covered_display": "0", "missing_lines": 15, "excluded_lines": 0}, "missing_lines": [8, 9, 10, 11, 12, 14, 15, 17, 18, 20, 23, 26, 57, 78, 116], "excluded_lines": []}}, "classes": {"AuditLoggerSQLModel": {"executed_lines": [], "summary": {"covered_lines": 0, "num_statements": 48, "percent_covered": 0.0, "percent_covered_display": "0", "missing_lines": 48, "excluded_lines": 0}, "missing_lines": [30, 33, 36, 37, 39, 42, 43, 45, 47, 49, 52, 55, 59, 61, 62, 63, 64, 65, 66, 69, 70, 71, 72, 73, 74, 76, 80, 82, 106, 107, 108, 110, 112, 113, 114, 123, 124, 125, 127, 128, 130, 131, 133, 135, 136, 138, 139, 140], "excluded_lines": []}, "": {"executed_lines": [], "summary": {"covered_lines": 0, "num_statements": 15, "percent_covered": 0.0, "percent_covered_display": "0", "missing_lines": 15, "excluded_lines": 0}, "missing_lines": [8, 9, 10, 11, 12, 14, 15, 17, 18, 20, 23, 26, 57, 78, 116], "excluded_lines": []}}}, "opera_cloud_mcp/auth/oauth_handler.py": {"executed_lines": [1, 8, 9, 10, 11, 12, 13, 14, 15, 17, 18, 19, 21, 23, 27, 30, 33, 34, 36, 37, 38, 39, 41, 42, 44, 46, 47, 50, 51, 54, 55, 60, 63, 66, 67, 69, 76, 77, 78, 80, 82, 84, 85, 86, 88, 90, 91, 93, 95, 96, 97, 98, 100, 107, 108, 109, 114, 116, 117, 118, 119, 121, 122, 124, 125, 126, 128, 135, 136, 138, 139, 141, 142, 143, 144, 147, 149, 151, 152, 153, 154, 155, 160, 161, 169, 193, 194, 195, 196, 197, 198, 199, 200, 201, 202, 205, 206, 211, 212, 214, 215, 217, 218, 219, 223, 237, 239, 240, 241, 244, 245, 246, 247, 248, 249, 250, 254, 255, 257, 259, 263, 270, 274, 276, 281, 282, 283, 289, 297, 298, 300, 302, 312, 314, 316, 317, 319, 320, 321, 322, 323, 324, 325, 329, 339, 340, 342, 344, 352, 353, 354, 356, 357, 358, 359, 361, 370, 377, 378, 380, 381, 382, 383, 385, 389, 390, 391, 393, 406, 407, 409, 410, 411, 415, 416, 418, 419, 420, 422, 425, 426, 427, 428, 429, 433, 434, 435, 439, 440, 441, 450, 457, 458, 459, 462, 463, 465, 515, 525, 527, 534, 535, 546, 547, 569, 586, 588, 590, 591, 607, 616, 617, 620, 623, 624, 625, 626, 627, 628], "summary": {"covered_lines": 215, "num_statements": 277, "percent_covered": 77.61732851985559, "percent_covered_display": "78", "missing_lines": 62, "excluded_lines": 0}, "missing_lines": [57, 61, 111, 112, 145, 146, 156, 157, 251, 252, 284, 326, 327, 362, 363, 365, 366, 367, 368, 372, 373, 374, 431, 445, 446, 447, 448, 475, 476, 477, 478, 480, 481, 484, 488, 493, 498, 499, 501, 502, 503, 504, 506, 509, 511, 512, 513, 549, 550, 551, 552, 553, 555, 594, 596, 597, 600, 602, 605, 629, 630, 631], "excluded_lines": [], "functions": {"Token.expires_at": {"executed_lines": [44], "summary": {"covered_lines": 1, "num_statements": 1, "percent_covered": 100.0, "percent_covered_display": "100", "missing_lines": 0, "excluded_lines": 0}, "missing_lines": [], "excluded_lines": []}, "Token.is_expired": {"executed_lines": [50, 51, 54, 55, 60, 63], "summary": {"covered_lines": 6, "num_statements": 8, "percent_covered": 75.0, "percent_covered_display": "75", "missing_lines": 2, "excluded_lines": 0}, "missing_lines": [57, 61], "excluded_lines": []}, "TokenCache.__init__": {"executed_lines": [76, 77, 78], "summary": {"covered_lines": 3, "num_statements": 3, "percent_covered": 100.0, "percent_covered_display": "100", "missing_lines": 0, "excluded_lines": 0}, "missing_lines": [], "excluded_lines": []}, "TokenCache._get_encryption_key": {"executed_lines": [82, 84, 85, 86], "summary": {"covered_lines": 4, "num_statements": 4, "percent_covered": 100.0, "percent_covered_display": "100", "missing_lines": 0, "excluded_lines": 0}, "missing_lines": [], "excluded_lines": []}, "TokenCache._get_cache_file": {"executed_lines": [90, 91], "summary": {"covered_lines": 2, "num_statements": 2, "percent_covered": 100.0, "percent_covered_display": "100", "missing_lines": 0, "excluded_lines": 0}, "missing_lines": [], "excluded_lines": []}, "TokenCache.save_token": {"executed_lines": [95, 96, 97, 98, 100, 107, 108, 109], "summary": {"covered_lines": 8, "num_statements": 10, "percent_covered": 80.0, "percent_covered_display": "80", "missing_lines": 2, "excluded_lines": 0}, "missing_lines": [111, 112], "excluded_lines": []}, "TokenCache.load_token": {"executed_lines": [116, 117, 118, 119, 121, 122, 124, 125, 126, 128, 135, 136, 138, 139, 141, 142, 143, 144, 147], "summary": {"covered_lines": 19, "num_statements": 21, "percent_covered": 90.47619047619048, "percent_covered_display": "90", "missing_lines": 2, "excluded_lines": 0}, "missing_lines": [145, 146], "excluded_lines": []}, "TokenCache.clear_token": {"executed_lines": [151, 152, 153, 154, 155], "summary": {"covered_lines": 5, "num_statements": 7, "percent_covered": 71.42857142857143, "percent_covered_display": "71", "missing_lines": 2, "excluded_lines": 0}, "missing_lines": [156, 157], "excluded_lines": []}, "OAuthHandler.__init__": {"executed_lines": [193, 194, 195, 196, 197, 198, 199, 200, 201, 202, 205, 206, 211, 212, 214, 215, 217, 218, 219], "summary": {"covered_lines": 19, "num_statements": 19, "percent_covered": 100.0, "percent_covered_display": "100", "missing_lines": 0, "excluded_lines": 0}, "missing_lines": [], "excluded_lines": []}, "OAuthHandler.get_token": {"executed_lines": [237, 239, 240, 241, 244, 245, 246, 247, 248, 249, 250, 254, 255], "summary": {"covered_lines": 13, "num_statements": 15, "percent_covered": 86.66666666666667, "percent_covered_display": "87", "missing_lines": 2, "excluded_lines": 0}, "missing_lines": [251, 252], "excluded_lines": []}, "OAuthHandler._prepare_token_request": {"executed_lines": [259, 263, 270, 274], "summary": {"covered_lines": 4, "num_statements": 4, "percent_covered": 100.0, "percent_covered_display": "100", "missing_lines": 0, "excluded_lines": 0}, "missing_lines": [], "excluded_lines": []}, "OAuthHandler._process_successful_token_response": {"executed_lines": [281, 282, 283, 289, 297, 298, 300, 302, 312], "summary": {"covered_lines": 9, "num_statements": 10, "percent_covered": 90.0, "percent_covered_display": "90", "missing_lines": 1, "excluded_lines": 0}, "missing_lines": [284], "excluded_lines": []}, "OAuthHandler._handle_error_response": {"executed_lines": [316, 317, 319, 320, 321, 322, 323, 324, 325, 329, 339, 340, 342], "summary": {"covered_lines": 13, "num_statements": 15, "percent_covered": 86.66666666666667, "percent_covered_display": "87", "missing_lines": 2, "excluded_lines": 0}, "missing_lines": [326, 327], "excluded_lines": []}, "OAuthHandler._handle_request_exception": {"executed_lines": [352, 353, 354, 356, 357, 358, 359, 361, 370, 377, 378, 380, 381, 382, 383], "summary": {"covered_lines": 15, "num_statements": 24, "percent_covered": 62.5, "percent_covered_display": "62", "missing_lines": 9, "excluded_lines": 0}, "missing_lines": [362, 363, 365, 366, 367, 368, 372, 373, 374], "excluded_lines": []}, "OAuthHandler._make_token_request": {"executed_lines": [389, 390, 391], "summary": {"covered_lines": 3, "num_statements": 3, "percent_covered": 100.0, "percent_covered_display": "100", "missing_lines": 0, "excluded_lines": 0}, "missing_lines": [], "excluded_lines": []}, "OAuthHandler._refresh_token": {"executed_lines": [406, 407, 409, 410, 411, 415, 416, 418, 419, 420, 422, 425, 426, 427, 428, 429, 433, 434, 435, 439, 440, 441], "summary": {"covered_lines": 22, "num_statements": 27, "percent_covered": 81.48148148148148, "percent_covered_display": "81", "missing_lines": 5, "excluded_lines": 0}, "missing_lines": [431, 445, 446, 447, 448], "excluded_lines": []}, "OAuthHandler.invalidate_token": {"executed_lines": [457, 458, 459, 462, 463], "summary": {"covered_lines": 5, "num_statements": 5, "percent_covered": 100.0, "percent_covered_display": "100", "missing_lines": 0, "excluded_lines": 0}, "missing_lines": [], "excluded_lines": []}, "OAuthHandler.revoke_token": {"executed_lines": [], "summary": {"covered_lines": 0, "num_statements": 20, "percent_covered": 0.0, "percent_covered_display": "0", "missing_lines": 20, "excluded_lines": 0}, "missing_lines": [475, 476, 477, 478, 480, 481, 484, 488, 493, 498, 499, 501, 502, 503, 504, 506, 509, 511, 512, 513], "excluded_lines": []}, "OAuthHandler.get_auth_header": {"executed_lines": [525], "summary": {"covered_lines": 1, "num_statements": 1, "percent_covered": 100.0, "percent_covered_display": "100", "missing_lines": 0, "excluded_lines": 0}, "missing_lines": [], "excluded_lines": []}, "OAuthHandler.get_token_info": {"executed_lines": [534, 535, 546, 547], "summary": {"covered_lines": 4, "num_statements": 10, "percent_covered": 40.0, "percent_covered_display": "40", "missing_lines": 6, "excluded_lines": 0}, "missing_lines": [549, 550, 551, 552, 553, 555], "excluded_lines": []}, "OAuthHandler.ensure_valid_token": {"executed_lines": [586, 588, 590, 591], "summary": {"covered_lines": 4, "num_statements": 10, "percent_covered": 40.0, "percent_covered_display": "40", "missing_lines": 6, "excluded_lines": 0}, "missing_lines": [594, 596, 597, 600, 602, 605], "excluded_lines": []}, "OAuthHandler.validate_credentials": {"executed_lines": [616, 617, 620, 623, 624, 625, 626, 627, 628], "summary": {"covered_lines": 9, "num_statements": 12, "percent_covered": 75.0, "percent_covered_display": "75", "missing_lines": 3, "excluded_lines": 0}, "missing_lines": [629, 630, 631], "excluded_lines": []}, "": {"executed_lines": [1, 8, 9, 10, 11, 12, 13, 14, 15, 17, 18, 19, 21, 23, 27, 30, 33, 34, 36, 37, 38, 39, 41, 42, 46, 47, 66, 67, 69, 80, 88, 93, 114, 149, 160, 161, 169, 223, 257, 276, 314, 344, 385, 393, 450, 465, 515, 527, 569, 607], "summary": {"covered_lines": 46, "num_statements": 46, "percent_covered": 100.0, "percent_covered_display": "100", "missing_lines": 0, "excluded_lines": 0}, "missing_lines": [], "excluded_lines": []}}, "classes": {"Token": {"executed_lines": [44, 50, 51, 54, 55, 60, 63], "summary": {"covered_lines": 7, "num_statements": 9, "percent_covered": 77.77777777777777, "percent_covered_display": "78", "missing_lines": 2, "excluded_lines": 0}, "missing_lines": [57, 61], "excluded_lines": []}, "TokenCache": {"executed_lines": [76, 77, 78, 82, 84, 85, 86, 90, 91, 95, 96, 97, 98, 100, 107, 108, 109, 116, 117, 118, 119, 121, 122, 124, 125, 126, 128, 135, 136, 138, 139, 141, 142, 143, 144, 147, 151, 152, 153, 154, 155], "summary": {"covered_lines": 41, "num_statements": 47, "percent_covered": 87.23404255319149, "percent_covered_display": "87", "missing_lines": 6, "excluded_lines": 0}, "missing_lines": [111, 112, 145, 146, 156, 157], "excluded_lines": []}, "OAuthHandler": {"executed_lines": [193, 194, 195, 196, 197, 198, 199, 200, 201, 202, 205, 206, 211, 212, 214, 215, 217, 218, 219, 237, 239, 240, 241, 244, 245, 246, 247, 248, 249, 250, 254, 255, 259, 263, 270, 274, 281, 282, 283, 289, 297, 298, 300, 302, 312, 316, 317, 319, 320, 321, 322, 323, 324, 325, 329, 339, 340, 342, 352, 353, 354, 356, 357, 358, 359, 361, 370, 377, 378, 380, 381, 382, 383, 389, 390, 391, 406, 407, 409, 410, 411, 415, 416, 418, 419, 420, 422, 425, 426, 427, 428, 429, 433, 434, 435, 439, 440, 441, 457, 458, 459, 462, 463, 525, 534, 535, 546, 547, 586, 588, 590, 591, 616, 617, 620, 623, 624, 625, 626, 627, 628], "summary": {"covered_lines": 121, "num_statements": 175, "percent_covered": 69.14285714285714, "percent_covered_display": "69", "missing_lines": 54, "excluded_lines": 0}, "missing_lines": [251, 252, 284, 326, 327, 362, 363, 365, 366, 367, 368, 372, 373, 374, 431, 445, 446, 447, 448, 475, 476, 477, 478, 480, 481, 484, 488, 493, 498, 499, 501, 502, 503, 504, 506, 509, 511, 512, 513, 549, 550, 551, 552, 553, 555, 594, 596, 597, 600, 602, 605, 629, 630, 631], "excluded_lines": []}, "": {"executed_lines": [1, 8, 9, 10, 11, 12, 13, 14, 15, 17, 18, 19, 21, 23, 27, 30, 33, 34, 36, 37, 38, 39, 41, 42, 46, 47, 66, 67, 69, 80, 88, 93, 114, 149, 160, 161, 169, 223, 257, 276, 314, 344, 385, 393, 450, 465, 515, 527, 569, 607], "summary": {"covered_lines": 46, "num_statements": 46, "percent_covered": 100.0, "percent_covered_display": "100", "missing_lines": 0, "excluded_lines": 0}, "missing_lines": [], "excluded_lines": []}}}, "opera_cloud_mcp/auth/secure_oauth_handler.py": {"executed_lines": [1, 8, 9, 10, 11, 12, 13, 14, 15, 16, 17, 19, 20, 22, 23, 31, 33, 36, 37, 39, 40, 41, 42, 43, 44, 46, 47, 51, 52, 67, 68, 73, 74, 86, 88, 123, 135, 136, 137, 138, 141, 142, 146, 147, 150, 151, 154, 155, 157, 168, 222, 264, 281, 379, 425, 460, 496, 515, 548, 568, 585, 615, 654, 681, 710, 712, 714, 716, 718, 741, 745, 762, 808], "summary": {"covered_lines": 70, "num_statements": 296, "percent_covered": 23.64864864864865, "percent_covered_display": "24", "missing_lines": 226, "excluded_lines": 0}, "missing_lines": [49, 54, 55, 58, 59, 60, 62, 63, 65, 70, 144, 189, 191, 194, 197, 198, 204, 209, 211, 212, 213, 214, 216, 217, 219, 220, 232, 237, 240, 241, 252, 262, 268, 270, 273, 274, 275, 276, 277, 279, 298, 299, 301, 302, 303, 308, 312, 313, 315, 317, 319, 322, 325, 331, 336, 339, 341, 342, 343, 347, 348, 349, 353, 354, 355, 358, 359, 363, 364, 366, 377, 384, 385, 388, 392, 403, 404, 405, 408, 409, 412, 414, 419, 428, 429, 430, 431, 436, 437, 440, 441, 443, 444, 447, 448, 454, 455, 456, 467, 470, 471, 472, 477, 487, 499, 502, 503, 511, 520, 523, 528, 529, 535, 538, 539, 540, 546, 550, 551, 554, 555, 558, 563, 564, 566, 576, 577, 579, 581, 589, 590, 593, 596, 597, 600, 604, 605, 606, 607, 608, 610, 611, 613, 623, 624, 629, 630, 631, 633, 634, 635, 636, 637, 639, 640, 641, 642, 643, 645, 649, 651, 652, 663, 669, 673, 674, 675, 677, 689, 696, 700, 702, 703, 704, 706, 720, 721, 724, 725, 726, 729, 730, 732, 733, 734, 735, 737, 743, 747, 748, 750, 756, 759, 760, 764, 775, 776, 787, 790, 791, 792, 795, 796, 797, 806, 821, 822, 825, 826, 829, 830, 833, 834, 835, 837, 839, 848, 851, 853, 854, 856, 858, 859, 860, 862, 867], "excluded_lines": [], "functions": {"SecureToken.expires_at": {"executed_lines": [], "summary": {"covered_lines": 0, "num_statements": 1, "percent_covered": 0.0, "percent_covered_display": "0", "missing_lines": 1, "excluded_lines": 0}, "missing_lines": [49], "excluded_lines": []}, "SecureToken.is_expired": {"executed_lines": [], "summary": {"covered_lines": 0, "num_statements": 8, "percent_covered": 0.0, "percent_covered_display": "0", "missing_lines": 8, "excluded_lines": 0}, "missing_lines": [54, 55, 58, 59, 60, 62, 63, 65], "excluded_lines": []}, "SecureToken.is_binding_valid": {"executed_lines": [], "summary": {"covered_lines": 0, "num_statements": 1, "percent_covered": 0.0, "percent_covered_display": "0", "missing_lines": 1, "excluded_lines": 0}, "missing_lines": [70], "excluded_lines": []}, "SecureOAuthHandler.__init__": {"executed_lines": [123, 135, 136, 137, 138, 141, 142, 146, 147, 150, 151, 154, 155, 157], "summary": {"covered_lines": 14, "num_statements": 15, "percent_covered": 93.33333333333333, "percent_covered_display": "93", "missing_lines": 1, "excluded_lines": 0}, "missing_lines": [144], "excluded_lines": []}, "SecureOAuthHandler.get_token_secure": {"executed_lines": [], "summary": {"covered_lines": 0, "num_statements": 15, "percent_covered": 0.0, "percent_covered_display": "0", "missing_lines": 15, "excluded_lines": 0}, "missing_lines": [189, 191, 194, 197, 198, 204, 209, 211, 212, 213, 214, 216, 217, 219, 220], "excluded_lines": []}, "SecureOAuthHandler._handle_auth_success": {"executed_lines": [], "summary": {"covered_lines": 0, "num_statements": 6, "percent_covered": 0.0, "percent_covered_display": "0", "missing_lines": 6, "excluded_lines": 0}, "missing_lines": [232, 237, 240, 241, 252, 262], "excluded_lines": []}, "SecureOAuthHandler._should_retry_authentication": {"executed_lines": [], "summary": {"covered_lines": 0, "num_statements": 8, "percent_covered": 0.0, "percent_covered_display": "0", "missing_lines": 8, "excluded_lines": 0}, "missing_lines": [268, 270, 273, 274, 275, 276, 277, 279], "excluded_lines": []}, "SecureOAuthHandler._refresh_token_secure": {"executed_lines": [], "summary": {"covered_lines": 0, "num_statements": 31, "percent_covered": 0.0, "percent_covered_display": "0", "missing_lines": 31, "excluded_lines": 0}, "missing_lines": [298, 299, 301, 302, 303, 308, 312, 313, 315, 317, 319, 322, 325, 331, 336, 339, 341, 342, 343, 347, 348, 349, 353, 354, 355, 358, 359, 363, 364, 366, 377], "excluded_lines": []}, "SecureOAuthHandler._prepare_secure_token_request": {"executed_lines": [], "summary": {"covered_lines": 0, "num_statements": 12, "percent_covered": 0.0, "percent_covered_display": "0", "missing_lines": 12, "excluded_lines": 0}, "missing_lines": [384, 385, 388, 392, 403, 404, 405, 408, 409, 412, 414, 419], "excluded_lines": []}, "SecureOAuthHandler._validate_token_response": {"executed_lines": [], "summary": {"covered_lines": 0, "num_statements": 15, "percent_covered": 0.0, "percent_covered_display": "0", "missing_lines": 15, "excluded_lines": 0}, "missing_lines": [428, 429, 430, 431, 436, 437, 440, 441, 443, 444, 447, 448, 454, 455, 456], "excluded_lines": []}, "SecureOAuthHandler._create_secure_token": {"executed_lines": [], "summary": {"covered_lines": 0, "num_statements": 6, "percent_covered": 0.0, "percent_covered_display": "0", "missing_lines": 6, "excluded_lines": 0}, "missing_lines": [467, 470, 471, 472, 477, 487], "excluded_lines": []}, "SecureOAuthHandler._cache_secure_token": {"executed_lines": [], "summary": {"covered_lines": 0, "num_statements": 4, "percent_covered": 0.0, "percent_covered_display": "0", "missing_lines": 4, "excluded_lines": 0}, "missing_lines": [499, 502, 503, 511], "excluded_lines": []}, "SecureOAuthHandler._validate_security_context": {"executed_lines": [], "summary": {"covered_lines": 0, "num_statements": 9, "percent_covered": 0.0, "percent_covered_display": "0", "missing_lines": 9, "excluded_lines": 0}, "missing_lines": [520, 523, 528, 529, 535, 538, 539, 540, 546], "excluded_lines": []}, "SecureOAuthHandler._needs_token_refresh": {"executed_lines": [], "summary": {"covered_lines": 0, "num_statements": 8, "percent_covered": 0.0, "percent_covered_display": "0", "missing_lines": 8, "excluded_lines": 0}, "missing_lines": [550, 551, 554, 555, 558, 563, 564, 566], "excluded_lines": []}, "SecureOAuthHandler._record_security_event": {"executed_lines": [], "summary": {"covered_lines": 0, "num_statements": 4, "percent_covered": 0.0, "percent_covered_display": "0", "missing_lines": 4, "excluded_lines": 0}, "missing_lines": [576, 577, 579, 581], "excluded_lines": []}, "SecureOAuthHandler._detect_suspicious_activity": {"executed_lines": [], "summary": {"covered_lines": 0, "num_statements": 14, "percent_covered": 0.0, "percent_covered_display": "0", "missing_lines": 14, "excluded_lines": 0}, "missing_lines": [589, 590, 593, 596, 597, 600, 604, 605, 606, 607, 608, 610, 611, 613], "excluded_lines": []}, "SecureOAuthHandler._handle_auth_failure": {"executed_lines": [], "summary": {"covered_lines": 0, "num_statements": 19, "percent_covered": 0.0, "percent_covered_display": "0", "missing_lines": 19, "excluded_lines": 0}, "missing_lines": [623, 624, 629, 630, 631, 633, 634, 635, 636, 637, 639, 640, 641, 642, 643, 645, 649, 651, 652], "excluded_lines": []}, "SecureOAuthHandler._handle_network_error": {"executed_lines": [], "summary": {"covered_lines": 0, "num_statements": 6, "percent_covered": 0.0, "percent_covered_display": "0", "missing_lines": 6, "excluded_lines": 0}, "missing_lines": [663, 669, 673, 674, 675, 677], "excluded_lines": []}, "SecureOAuthHandler._handle_unexpected_error": {"executed_lines": [], "summary": {"covered_lines": 0, "num_statements": 7, "percent_covered": 0.0, "percent_covered_display": "0", "missing_lines": 7, "excluded_lines": 0}, "missing_lines": [689, 696, 700, 702, 703, 704, 706], "excluded_lines": []}, "SecureOAuthHandler._hash_client_id": {"executed_lines": [712], "summary": {"covered_lines": 1, "num_statements": 1, "percent_covered": 100.0, "percent_covered_display": "100", "missing_lines": 0, "excluded_lines": 0}, "missing_lines": [], "excluded_lines": []}, "SecureOAuthHandler._hash_secret": {"executed_lines": [716], "summary": {"covered_lines": 1, "num_statements": 1, "percent_covered": 100.0, "percent_covered_display": "100", "missing_lines": 0, "excluded_lines": 0}, "missing_lines": [], "excluded_lines": []}, "SecureOAuthHandler._calculate_entropy": {"executed_lines": [], "summary": {"covered_lines": 0, "num_statements": 12, "percent_covered": 0.0, "percent_covered_display": "0", "missing_lines": 12, "excluded_lines": 0}, "missing_lines": [720, 721, 724, 725, 726, 729, 730, 732, 733, 734, 735, 737], "excluded_lines": []}, "SecureOAuthHandler.get_token": {"executed_lines": [], "summary": {"covered_lines": 0, "num_statements": 1, "percent_covered": 0.0, "percent_covered_display": "0", "missing_lines": 1, "excluded_lines": 0}, "missing_lines": [743], "excluded_lines": []}, "SecureOAuthHandler.invalidate_token_secure": {"executed_lines": [], "summary": {"covered_lines": 0, "num_statements": 6, "percent_covered": 0.0, "percent_covered_display": "0", "missing_lines": 6, "excluded_lines": 0}, "missing_lines": [747, 748, 750, 756, 759, 760], "excluded_lines": []}, "SecureOAuthHandler.get_security_status": {"executed_lines": [], "summary": {"covered_lines": 0, "num_statements": 11, "percent_covered": 0.0, "percent_covered_display": "0", "missing_lines": 11, "excluded_lines": 0}, "missing_lines": [764, 775, 776, 787, 790, 791, 792, 795, 796, 797, 806], "excluded_lines": []}, "SecureOAuthHandler.rotate_credentials": {"executed_lines": [], "summary": {"covered_lines": 0, "num_statements": 21, "percent_covered": 0.0, "percent_covered_display": "0", "missing_lines": 21, "excluded_lines": 0}, "missing_lines": [821, 822, 825, 826, 829, 830, 833, 834, 835, 837, 839, 848, 851, 853, 854, 856, 858, 859, 860, 862, 867], "excluded_lines": []}, "": {"executed_lines": [1, 8, 9, 10, 11, 12, 13, 14, 15, 16, 17, 19, 20, 22, 23, 31, 33, 36, 37, 39, 40, 41, 42, 43, 44, 46, 47, 51, 52, 67, 68, 73, 74, 86, 88, 168, 222, 264, 281, 379, 425, 460, 496, 515, 548, 568, 585, 615, 654, 681, 710, 714, 718, 741, 745, 762, 808], "summary": {"covered_lines": 54, "num_statements": 54, "percent_covered": 100.0, "percent_covered_display": "100", "missing_lines": 0, "excluded_lines": 0}, "missing_lines": [], "excluded_lines": []}}, "classes": {"SecureToken": {"executed_lines": [], "summary": {"covered_lines": 0, "num_statements": 10, "percent_covered": 0.0, "percent_covered_display": "0", "missing_lines": 10, "excluded_lines": 0}, "missing_lines": [49, 54, 55, 58, 59, 60, 62, 63, 65, 70], "excluded_lines": []}, "SecureOAuthHandler": {"executed_lines": [123, 135, 136, 137, 138, 141, 142, 146, 147, 150, 151, 154, 155, 157, 712, 716], "summary": {"covered_lines": 16, "num_statements": 232, "percent_covered": 6.896551724137931, "percent_covered_display": "7", "missing_lines": 216, "excluded_lines": 0}, "missing_lines": [144, 189, 191, 194, 197, 198, 204, 209, 211, 212, 213, 214, 216, 217, 219, 220, 232, 237, 240, 241, 252, 262, 268, 270, 273, 274, 275, 276, 277, 279, 298, 299, 301, 302, 303, 308, 312, 313, 315, 317, 319, 322, 325, 331, 336, 339, 341, 342, 343, 347, 348, 349, 353, 354, 355, 358, 359, 363, 364, 366, 377, 384, 385, 388, 392, 403, 404, 405, 408, 409, 412, 414, 419, 428, 429, 430, 431, 436, 437, 440, 441, 443, 444, 447, 448, 454, 455, 456, 467, 470, 471, 472, 477, 487, 499, 502, 503, 511, 520, 523, 528, 529, 535, 538, 539, 540, 546, 550, 551, 554, 555, 558, 563, 564, 566, 576, 577, 579, 581, 589, 590, 593, 596, 597, 600, 604, 605, 606, 607, 608, 610, 611, 613, 623, 624, 629, 630, 631, 633, 634, 635, 636, 637, 639, 640, 641, 642, 643, 645, 649, 651, 652, 663, 669, 673, 674, 675, 677, 689, 696, 700, 702, 703, 704, 706, 720, 721, 724, 725, 726, 729, 730, 732, 733, 734, 735, 737, 743, 747, 748, 750, 756, 759, 760, 764, 775, 776, 787, 790, 791, 792, 795, 796, 797, 806, 821, 822, 825, 826, 829, 830, 833, 834, 835, 837, 839, 848, 851, 853, 854, 856, 858, 859, 860, 862, 867], "excluded_lines": []}, "": {"executed_lines": [1, 8, 9, 10, 11, 12, 13, 14, 15, 16, 17, 19, 20, 22, 23, 31, 33, 36, 37, 39, 40, 41, 42, 43, 44, 46, 47, 51, 52, 67, 68, 73, 74, 86, 88, 168, 222, 264, 281, 379, 425, 460, 496, 515, 548, 568, 585, 615, 654, 681, 710, 714, 718, 741, 745, 762, 808], "summary": {"covered_lines": 54, "num_statements": 54, "percent_covered": 100.0, "percent_covered_display": "100", "missing_lines": 0, "excluded_lines": 0}, "missing_lines": [], "excluded_lines": []}}}, "opera_cloud_mcp/auth/security_enhancements.py": {"executed_lines": [1, 8, 9, 10, 11, 12, 13, 14, 15, 16, 18, 19, 20, 21, 23, 25, 28, 29, 31, 32, 33, 34, 35, 37, 38, 45, 46, 48, 49, 50, 51, 52, 53, 54, 57, 58, 60, 61, 62, 63, 64, 65, 66, 68, 140, 157, 197, 209, 213, 222, 223, 225, 227, 228, 233, 236, 238, 240, 242, 244, 246, 247, 248, 249, 255, 257, 258, 260, 263, 271, 272, 274, 276, 289, 326, 373, 395, 411, 417, 426, 446, 447, 449, 450, 451, 452, 454, 488, 500, 501], "summary": {"covered_lines": 84, "num_statements": 236, "percent_covered": 35.59322033898305, "percent_covered_display": "36", "missing_lines": 152, "excluded_lines": 0}, "missing_lines": [41, 42, 77, 78, 80, 89, 91, 92, 93, 94, 97, 98, 100, 103, 104, 111, 112, 115, 116, 117, 127, 128, 130, 142, 143, 146, 147, 148, 150, 151, 152, 153, 155, 159, 160, 163, 164, 165, 166, 175, 176, 177, 178, 180, 181, 182, 183, 186, 188, 201, 202, 204, 205, 207, 211, 215, 216, 217, 234, 250, 251, 252, 253, 279, 283, 296, 297, 298, 301, 308, 311, 312, 313, 314, 317, 318, 320, 322, 323, 324, 330, 331, 332, 333, 335, 337, 338, 340, 341, 344, 345, 346, 349, 350, 351, 354, 355, 356, 357, 358, 359, 361, 363, 365, 366, 367, 368, 370, 371, 380, 381, 383, 384, 385, 387, 397, 398, 399, 402, 403, 406, 414, 415, 420, 424, 428, 429, 430, 432, 433, 434, 435, 436, 439, 441, 442, 443, 456, 459, 460, 463, 464, 471, 472, 482, 485, 486, 490, 491, 493, 494, 496], "excluded_lines": [], "functions": {"TokenBinding.is_valid": {"executed_lines": [], "summary": {"covered_lines": 0, "num_statements": 2, "percent_covered": 0.0, "percent_covered_display": "0", "missing_lines": 2, "excluded_lines": 0}, "missing_lines": [41, 42], "excluded_lines": []}, "SecurityMonitor.__init__": {"executed_lines": [61, 62, 63, 64, 65, 66], "summary": {"covered_lines": 6, "num_statements": 6, "percent_covered": 100.0, "percent_covered_display": "100", "missing_lines": 0, "excluded_lines": 0}, "missing_lines": [], "excluded_lines": []}, "SecurityMonitor.record_authentication_attempt": {"executed_lines": [], "summary": {"covered_lines": 0, "num_statements": 21, "percent_covered": 0.0, "percent_covered_display": "0", "missing_lines": 21, "excluded_lines": 0}, "missing_lines": [77, 78, 80, 89, 91, 92, 93, 94, 97, 98, 100, 103, 104, 111, 112, 115, 116, 117, 127, 128, 130], "excluded_lines": []}, "SecurityMonitor.is_client_blocked": {"executed_lines": [], "summary": {"covered_lines": 0, "num_statements": 10, "percent_covered": 0.0, "percent_covered_display": "0", "missing_lines": 10, "excluded_lines": 0}, "missing_lines": [142, 143, 146, 147, 148, 150, 151, 152, 153, 155], "excluded_lines": []}, "SecurityMonitor.get_risk_assessment": {"executed_lines": [], "summary": {"covered_lines": 0, "num_statements": 16, "percent_covered": 0.0, "percent_covered_display": "0", "missing_lines": 16, "excluded_lines": 0}, "missing_lines": [159, 160, 163, 164, 165, 166, 175, 176, 177, 178, 180, 181, 182, 183, 186, 188], "excluded_lines": []}, "SecurityMonitor.get_audit_events": {"executed_lines": [], "summary": {"covered_lines": 0, "num_statements": 5, "percent_covered": 0.0, "percent_covered_display": "0", "missing_lines": 5, "excluded_lines": 0}, "missing_lines": [201, 202, 204, 205, 207], "excluded_lines": []}, "SecurityMonitor._hash_client_id": {"executed_lines": [], "summary": {"covered_lines": 0, "num_statements": 1, "percent_covered": 0.0, "percent_covered_display": "0", "missing_lines": 1, "excluded_lines": 0}, "missing_lines": [211], "excluded_lines": []}, "SecurityMonitor._cleanup_audit_log": {"executed_lines": [], "summary": {"covered_lines": 0, "num_statements": 3, "percent_covered": 0.0, "percent_covered_display": "0", "missing_lines": 3, "excluded_lines": 0}, "missing_lines": [215, 216, 217], "excluded_lines": []}, "SecureTokenCache.__init__": {"executed_lines": [227, 228, 233, 236, 238], "summary": {"covered_lines": 5, "num_statements": 6, "percent_covered": 83.33333333333333, "percent_covered_display": "83", "missing_lines": 1, "excluded_lines": 0}, "missing_lines": [234], "excluded_lines": []}, "SecureTokenCache._derive_master_key": {"executed_lines": [242, 244, 246, 247, 248, 249, 255, 257, 258, 260, 263, 271, 272, 274], "summary": {"covered_lines": 14, "num_statements": 18, "percent_covered": 77.77777777777777, "percent_covered_display": "78", "missing_lines": 4, "excluded_lines": 0}, "missing_lines": [250, 251, 252, 253], "excluded_lines": []}, "SecureTokenCache._get_cipher": {"executed_lines": [], "summary": {"covered_lines": 0, "num_statements": 2, "percent_covered": 0.0, "percent_covered_display": "0", "missing_lines": 2, "excluded_lines": 0}, "missing_lines": [279, 283], "excluded_lines": []}, "SecureTokenCache.save_token_secure": {"executed_lines": [], "summary": {"covered_lines": 0, "num_statements": 15, "percent_covered": 0.0, "percent_covered_display": "0", "missing_lines": 15, "excluded_lines": 0}, "missing_lines": [296, 297, 298, 301, 308, 311, 312, 313, 314, 317, 318, 320, 322, 323, 324], "excluded_lines": []}, "SecureTokenCache.load_token_secure": {"executed_lines": [], "summary": {"covered_lines": 0, "num_statements": 29, "percent_covered": 0.0, "percent_covered_display": "0", "missing_lines": 29, "excluded_lines": 0}, "missing_lines": [330, 331, 332, 333, 335, 337, 338, 340, 341, 344, 345, 346, 349, 350, 351, 354, 355, 356, 357, 358, 359, 361, 363, 365, 366, 367, 368, 370, 371], "excluded_lines": []}, "SecureTokenCache.create_token_binding": {"executed_lines": [], "summary": {"covered_lines": 0, "num_statements": 6, "percent_covered": 0.0, "percent_covered_display": "0", "missing_lines": 6, "excluded_lines": 0}, "missing_lines": [380, 381, 383, 384, 385, 387], "excluded_lines": []}, "SecureTokenCache.validate_token_binding": {"executed_lines": [], "summary": {"covered_lines": 0, "num_statements": 6, "percent_covered": 0.0, "percent_covered_display": "0", "missing_lines": 6, "excluded_lines": 0}, "missing_lines": [397, 398, 399, 402, 403, 406], "excluded_lines": []}, "SecureTokenCache._calculate_checksum": {"executed_lines": [], "summary": {"covered_lines": 0, "num_statements": 2, "percent_covered": 0.0, "percent_covered_display": "0", "missing_lines": 2, "excluded_lines": 0}, "missing_lines": [414, 415], "excluded_lines": []}, "SecureTokenCache._get_cache_file": {"executed_lines": [], "summary": {"covered_lines": 0, "num_statements": 2, "percent_covered": 0.0, "percent_covered_display": "0", "missing_lines": 2, "excluded_lines": 0}, "missing_lines": [420, 424], "excluded_lines": []}, "SecureTokenCache.clear_token": {"executed_lines": [], "summary": {"covered_lines": 0, "num_statements": 12, "percent_covered": 0.0, "percent_covered_display": "0", "missing_lines": 12, "excluded_lines": 0}, "missing_lines": [428, 429, 430, 432, 433, 434, 435, 436, 439, 441, 442, 443], "excluded_lines": []}, "RateLimiter.__init__": {"executed_lines": [450, 451, 452], "summary": {"covered_lines": 3, "num_statements": 3, "percent_covered": 100.0, "percent_covered_display": "100", "missing_lines": 0, "excluded_lines": 0}, "missing_lines": [], "excluded_lines": []}, "RateLimiter.check_rate_limit": {"executed_lines": [], "summary": {"covered_lines": 0, "num_statements": 10, "percent_covered": 0.0, "percent_covered_display": "0", "missing_lines": 10, "excluded_lines": 0}, "missing_lines": [456, 459, 460, 463, 464, 471, 472, 482, 485, 486], "excluded_lines": []}, "RateLimiter.get_reset_time": {"executed_lines": [], "summary": {"covered_lines": 0, "num_statements": 5, "percent_covered": 0.0, "percent_covered_display": "0", "missing_lines": 5, "excluded_lines": 0}, "missing_lines": [490, 491, 493, 494, 496], "excluded_lines": []}, "": {"executed_lines": [1, 8, 9, 10, 11, 12, 13, 14, 15, 16, 18, 19, 20, 21, 23, 25, 28, 29, 31, 32, 33, 34, 35, 37, 38, 45, 46, 48, 49, 50, 51, 52, 53, 54, 57, 58, 60, 68, 140, 157, 197, 209, 213, 222, 223, 225, 240, 276, 289, 326, 373, 395, 411, 417, 426, 446, 447, 449, 454, 488, 500, 501], "summary": {"covered_lines": 56, "num_statements": 56, "percent_covered": 100.0, "percent_covered_display": "100", "missing_lines": 0, "excluded_lines": 0}, "missing_lines": [], "excluded_lines": []}}, "classes": {"TokenBinding": {"executed_lines": [], "summary": {"covered_lines": 0, "num_statements": 2, "percent_covered": 0.0, "percent_covered_display": "0", "missing_lines": 2, "excluded_lines": 0}, "missing_lines": [41, 42], "excluded_lines": []}, "AuditEvent": {"executed_lines": [], "summary": {"covered_lines": 0, "num_statements": 0, "percent_covered": 100.0, "percent_covered_display": "100", "missing_lines": 0, "excluded_lines": 0}, "missing_lines": [], "excluded_lines": []}, "SecurityMonitor": {"executed_lines": [61, 62, 63, 64, 65, 66], "summary": {"covered_lines": 6, "num_statements": 62, "percent_covered": 9.67741935483871, "percent_covered_display": "10", "missing_lines": 56, "excluded_lines": 0}, "missing_lines": [77, 78, 80, 89, 91, 92, 93, 94, 97, 98, 100, 103, 104, 111, 112, 115, 116, 117, 127, 128, 130, 142, 143, 146, 147, 148, 150, 151, 152, 153, 155, 159, 160, 163, 164, 165, 166, 175, 176, 177, 178, 180, 181, 182, 183, 186, 188, 201, 202, 204, 205, 207, 211, 215, 216, 217], "excluded_lines": []}, "SecureTokenCache": {"executed_lines": [227, 228, 233, 236, 238, 242, 244, 246, 247, 248, 249, 255, 257, 258, 260, 263, 271, 272, 274], "summary": {"covered_lines": 19, "num_statements": 98, "percent_covered": 19.387755102040817, "percent_covered_display": "19", "missing_lines": 79, "excluded_lines": 0}, "missing_lines": [234, 250, 251, 252, 253, 279, 283, 296, 297, 298, 301, 308, 311, 312, 313, 314, 317, 318, 320, 322, 323, 324, 330, 331, 332, 333, 335, 337, 338, 340, 341, 344, 345, 346, 349, 350, 351, 354, 355, 356, 357, 358, 359, 361, 363, 365, 366, 367, 368, 370, 371, 380, 381, 383, 384, 385, 387, 397, 398, 399, 402, 403, 406, 414, 415, 420, 424, 428, 429, 430, 432, 433, 434, 435, 436, 439, 441, 442, 443], "excluded_lines": []}, "RateLimiter": {"executed_lines": [450, 451, 452], "summary": {"covered_lines": 3, "num_statements": 18, "percent_covered": 16.666666666666668, "percent_covered_display": "17", "missing_lines": 15, "excluded_lines": 0}, "missing_lines": [456, 459, 460, 463, 464, 471, 472, 482, 485, 486, 490, 491, 493, 494, 496], "excluded_lines": []}, "": {"executed_lines": [1, 8, 9, 10, 11, 12, 13, 14, 15, 16, 18, 19, 20, 21, 23, 25, 28, 29, 31, 32, 33, 34, 35, 37, 38, 45, 46, 48, 49, 50, 51, 52, 53, 54, 57, 58, 60, 68, 140, 157, 197, 209, 213, 222, 223, 225, 240, 276, 289, 326, 373, 395, 411, 417, 426, 446, 447, 449, 454, 488, 500, 501], "summary": {"covered_lines": 56, "num_statements": 56, "percent_covered": 100.0, "percent_covered_display": "100", "missing_lines": 0, "excluded_lines": 0}, "missing_lines": [], "excluded_lines": []}}}, "opera_cloud_mcp/auth/security_middleware.py": {"executed_lines": [1, 8, 9, 10, 11, 12, 13, 14, 16, 17, 19, 20, 21, 23, 26, 27, 29, 30, 31, 32, 33, 34, 35, 36, 39, 40, 42, 43, 44, 45, 60, 77, 110, 118, 126, 132, 140, 201, 249, 299, 310, 330, 353, 377, 411, 434, 463, 472, 473, 475, 476, 477, 478, 481, 482, 483, 485, 494, 554, 609, 639, 712, 760, 797, 839], "summary": {"covered_lines": 61, "num_statements": 354, "percent_covered": 17.231638418079097, "percent_covered_display": "17", "missing_lines": 293, "excluded_lines": 0}, "missing_lines": [85, 94, 95, 97, 98, 99, 100, 101, 102, 103, 104, 107, 108, 114, 115, 116, 122, 123, 124, 130, 136, 137, 138, 142, 143, 145, 146, 149, 154, 155, 158, 159, 160, 163, 164, 165, 166, 168, 169, 170, 171, 172, 173, 176, 177, 178, 179, 182, 183, 187, 188, 189, 192, 193, 196, 197, 199, 203, 204, 206, 207, 208, 209, 211, 214, 215, 216, 217, 218, 221, 222, 223, 224, 225, 228, 229, 230, 233, 241, 243, 244, 245, 247, 253, 254, 256, 257, 260, 267, 270, 273, 278, 279, 280, 281, 282, 283, 286, 287, 288, 289, 290, 293, 294, 295, 297, 301, 302, 304, 314, 315, 317, 318, 320, 321, 323, 324, 325, 326, 328, 334, 335, 337, 338, 340, 343, 348, 349, 351, 357, 358, 360, 361, 363, 369, 372, 373, 375, 381, 382, 384, 385, 388, 389, 390, 393, 396, 397, 400, 401, 402, 405, 406, 407, 409, 418, 424, 425, 426, 427, 428, 429, 430, 432, 436, 437, 446, 449, 453, 454, 455, 457, 458, 461, 469, 510, 513, 522, 523, 524, 527, 528, 529, 530, 533, 534, 537, 538, 552, 556, 557, 559, 560, 561, 563, 564, 565, 567, 568, 569, 570, 571, 572, 573, 574, 576, 577, 580, 583, 592, 594, 595, 596, 598, 607, 611, 614, 615, 616, 617, 618, 620, 621, 624, 627, 628, 629, 630, 631, 633, 634, 637, 641, 642, 645, 646, 647, 649, 650, 655, 656, 658, 665, 666, 667, 668, 671, 685, 686, 689, 690, 691, 692, 694, 699, 700, 703, 705, 710, 714, 726, 727, 730, 731, 732, 736, 737, 738, 739, 741, 744, 758, 762, 773, 774, 775, 776, 786, 787, 788, 791, 792, 799, 802, 805, 810, 811, 812, 815, 816, 817, 821, 841], "excluded_lines": [], "functions": {"ThreatDetector.__init__": {"executed_lines": [43, 44, 45, 60], "summary": {"covered_lines": 4, "num_statements": 4, "percent_covered": 100.0, "percent_covered_display": "100", "missing_lines": 0, "excluded_lines": 0}, "missing_lines": [], "excluded_lines": []}, "ThreatDetector.analyze_request": {"executed_lines": [], "summary": {"covered_lines": 0, "num_statements": 13, "percent_covered": 0.0, "percent_covered_display": "0", "missing_lines": 13, "excluded_lines": 0}, "missing_lines": [85, 94, 95, 97, 98, 99, 100, 101, 102, 103, 104, 107, 108], "excluded_lines": []}, "ThreatDetector._analyze_ip_threats": {"executed_lines": [], "summary": {"covered_lines": 0, "num_statements": 3, "percent_covered": 0.0, "percent_covered_display": "0", "missing_lines": 3, "excluded_lines": 0}, "missing_lines": [114, 115, 116], "excluded_lines": []}, "ThreatDetector._analyze_user_agent_threats": {"executed_lines": [], "summary": {"covered_lines": 0, "num_statements": 3, "percent_covered": 0.0, "percent_covered_display": "0", "missing_lines": 3, "excluded_lines": 0}, "missing_lines": [122, 123, 124], "excluded_lines": []}, "ThreatDetector._analyze_frequency_threats": {"executed_lines": [], "summary": {"covered_lines": 0, "num_statements": 1, "percent_covered": 0.0, "percent_covered_display": "0", "missing_lines": 1, "excluded_lines": 0}, "missing_lines": [130], "excluded_lines": []}, "ThreatDetector._analyze_behavioral_threats": {"executed_lines": [], "summary": {"covered_lines": 0, "num_statements": 3, "percent_covered": 0.0, "percent_covered_display": "0", "missing_lines": 3, "excluded_lines": 0}, "missing_lines": [136, 137, 138], "excluded_lines": []}, "ThreatDetector._analyze_ip_address": {"executed_lines": [], "summary": {"covered_lines": 0, "num_statements": 34, "percent_covered": 0.0, "percent_covered_display": "0", "missing_lines": 34, "excluded_lines": 0}, "missing_lines": [142, 143, 145, 146, 149, 154, 155, 158, 159, 160, 163, 164, 165, 166, 168, 169, 170, 171, 172, 173, 176, 177, 178, 179, 182, 183, 187, 188, 189, 192, 193, 196, 197, 199], "excluded_lines": []}, "ThreatDetector._analyze_user_agent": {"executed_lines": [], "summary": {"covered_lines": 0, "num_statements": 26, "percent_covered": 0.0, "percent_covered_display": "0", "missing_lines": 26, "excluded_lines": 0}, "missing_lines": [203, 204, 206, 207, 208, 209, 211, 214, 215, 216, 217, 218, 221, 222, 223, 224, 225, 228, 229, 230, 233, 241, 243, 244, 245, 247], "excluded_lines": []}, "ThreatDetector._analyze_request_frequency": {"executed_lines": [], "summary": {"covered_lines": 0, "num_statements": 23, "percent_covered": 0.0, "percent_covered_display": "0", "missing_lines": 23, "excluded_lines": 0}, "missing_lines": [253, 254, 256, 257, 260, 267, 270, 273, 278, 279, 280, 281, 282, 283, 286, 287, 288, 289, 290, 293, 294, 295, 297], "excluded_lines": []}, "ThreatDetector._get_historical_events": {"executed_lines": [], "summary": {"covered_lines": 0, "num_statements": 3, "percent_covered": 0.0, "percent_covered_display": "0", "missing_lines": 3, "excluded_lines": 0}, "missing_lines": [301, 302, 304], "excluded_lines": []}, "ThreatDetector._analyze_time_based_patterns": {"executed_lines": [], "summary": {"covered_lines": 0, "num_statements": 11, "percent_covered": 0.0, "percent_covered_display": "0", "missing_lines": 11, "excluded_lines": 0}, "missing_lines": [314, 315, 317, 318, 320, 321, 323, 324, 325, 326, 328], "excluded_lines": []}, "ThreatDetector._analyze_ip_patterns": {"executed_lines": [], "summary": {"covered_lines": 0, "num_statements": 9, "percent_covered": 0.0, "percent_covered_display": "0", "missing_lines": 9, "excluded_lines": 0}, "missing_lines": [334, 335, 337, 338, 340, 343, 348, 349, 351], "excluded_lines": []}, "ThreatDetector._analyze_activity_spikes": {"executed_lines": [], "summary": {"covered_lines": 0, "num_statements": 9, "percent_covered": 0.0, "percent_covered_display": "0", "missing_lines": 9, "excluded_lines": 0}, "missing_lines": [357, 358, 360, 361, 363, 369, 372, 373, 375], "excluded_lines": []}, "ThreatDetector._analyze_behavioral_patterns": {"executed_lines": [], "summary": {"covered_lines": 0, "num_statements": 17, "percent_covered": 0.0, "percent_covered_display": "0", "missing_lines": 17, "excluded_lines": 0}, "missing_lines": [381, 382, 384, 385, 388, 389, 390, 393, 396, 397, 400, 401, 402, 405, 406, 407, 409], "excluded_lines": []}, "ThreatDetector._is_suspicious_ip_range": {"executed_lines": [], "summary": {"covered_lines": 0, "num_statements": 9, "percent_covered": 0.0, "percent_covered_display": "0", "missing_lines": 9, "excluded_lines": 0}, "missing_lines": [418, 424, 425, 426, 427, 428, 429, 430, 432], "excluded_lines": []}, "ThreatDetector._check_ip_reputation": {"executed_lines": [], "summary": {"covered_lines": 0, "num_statements": 10, "percent_covered": 0.0, "percent_covered_display": "0", "missing_lines": 10, "excluded_lines": 0}, "missing_lines": [436, 437, 446, 449, 453, 454, 455, 457, 458, 461], "excluded_lines": []}, "ThreatDetector._is_known_malicious_ip": {"executed_lines": [], "summary": {"covered_lines": 0, "num_statements": 1, "percent_covered": 0.0, "percent_covered_display": "0", "missing_lines": 1, "excluded_lines": 0}, "missing_lines": [469], "excluded_lines": []}, "SecurityMiddleware.__init__": {"executed_lines": [476, 477, 478, 481, 482, 483, 485], "summary": {"covered_lines": 7, "num_statements": 7, "percent_covered": 100.0, "percent_covered_display": "100", "missing_lines": 0, "excluded_lines": 0}, "missing_lines": [], "excluded_lines": []}, "SecurityMiddleware.process_request": {"executed_lines": [], "summary": {"covered_lines": 0, "num_statements": 14, "percent_covered": 0.0, "percent_covered_display": "0", "missing_lines": 14, "excluded_lines": 0}, "missing_lines": [510, 513, 522, 523, 524, 527, 528, 529, 530, 533, 534, 537, 538, 552], "excluded_lines": []}, "SecurityMiddleware._validate_ip_restrictions": {"executed_lines": [], "summary": {"covered_lines": 0, "num_statements": 26, "percent_covered": 0.0, "percent_covered_display": "0", "missing_lines": 26, "excluded_lines": 0}, "missing_lines": [556, 557, 559, 560, 561, 563, 564, 565, 567, 568, 569, 570, 571, 572, 573, 574, 576, 577, 580, 583, 592, 594, 595, 596, 598, 607], "excluded_lines": []}, "SecurityMiddleware._check_blocked_entities": {"executed_lines": [], "summary": {"covered_lines": 0, "num_statements": 17, "percent_covered": 0.0, "percent_covered_display": "0", "missing_lines": 17, "excluded_lines": 0}, "missing_lines": [611, 614, 615, 616, 617, 618, 620, 621, 624, 627, 628, 629, 630, 631, 633, 634, 637], "excluded_lines": []}, "SecurityMiddleware._enforce_rate_limits": {"executed_lines": [], "summary": {"covered_lines": 0, "num_statements": 27, "percent_covered": 0.0, "percent_covered_display": "0", "missing_lines": 27, "excluded_lines": 0}, "missing_lines": [641, 642, 645, 646, 647, 649, 650, 655, 656, 658, 665, 666, 667, 668, 671, 685, 686, 689, 690, 691, 692, 694, 699, 700, 703, 705, 710], "excluded_lines": []}, "SecurityMiddleware._handle_high_risk_request": {"executed_lines": [], "summary": {"covered_lines": 0, "num_statements": 13, "percent_covered": 0.0, "percent_covered_display": "0", "missing_lines": 13, "excluded_lines": 0}, "missing_lines": [714, 726, 727, 730, 731, 732, 736, 737, 738, 739, 741, 744, 758], "excluded_lines": []}, "SecurityMiddleware._trigger_incident_response": {"executed_lines": [], "summary": {"covered_lines": 0, "num_statements": 10, "percent_covered": 0.0, "percent_covered_display": "0", "missing_lines": 10, "excluded_lines": 0}, "missing_lines": [762, 773, 774, 775, 776, 786, 787, 788, 791, 792], "excluded_lines": []}, "SecurityMiddleware.get_security_status": {"executed_lines": [], "summary": {"covered_lines": 0, "num_statements": 10, "percent_covered": 0.0, "percent_covered_display": "0", "missing_lines": 10, "excluded_lines": 0}, "missing_lines": [799, 802, 805, 810, 811, 812, 815, 816, 817, 821], "excluded_lines": []}, "create_security_middleware": {"executed_lines": [], "summary": {"covered_lines": 0, "num_statements": 1, "percent_covered": 0.0, "percent_covered_display": "0", "missing_lines": 1, "excluded_lines": 0}, "missing_lines": [841], "excluded_lines": []}, "": {"executed_lines": [1, 8, 9, 10, 11, 12, 13, 14, 16, 17, 19, 20, 21, 23, 26, 27, 29, 30, 31, 32, 33, 34, 35, 36, 39, 40, 42, 77, 110, 118, 126, 132, 140, 201, 249, 299, 310, 330, 353, 377, 411, 434, 463, 472, 473, 475, 494, 554, 609, 639, 712, 760, 797, 839], "summary": {"covered_lines": 50, "num_statements": 50, "percent_covered": 100.0, "percent_covered_display": "100", "missing_lines": 0, "excluded_lines": 0}, "missing_lines": [], "excluded_lines": []}}, "classes": {"SecurityContext": {"executed_lines": [], "summary": {"covered_lines": 0, "num_statements": 0, "percent_covered": 100.0, "percent_covered_display": "100", "missing_lines": 0, "excluded_lines": 0}, "missing_lines": [], "excluded_lines": []}, "ThreatDetector": {"executed_lines": [43, 44, 45, 60], "summary": {"covered_lines": 4, "num_statements": 179, "percent_covered": 2.2346368715083798, "percent_covered_display": "2", "missing_lines": 175, "excluded_lines": 0}, "missing_lines": [85, 94, 95, 97, 98, 99, 100, 101, 102, 103, 104, 107, 108, 114, 115, 116, 122, 123, 124, 130, 136, 137, 138, 142, 143, 145, 146, 149, 154, 155, 158, 159, 160, 163, 164, 165, 166, 168, 169, 170, 171, 172, 173, 176, 177, 178, 179, 182, 183, 187, 188, 189, 192, 193, 196, 197, 199, 203, 204, 206, 207, 208, 209, 211, 214, 215, 216, 217, 218, 221, 222, 223, 224, 225, 228, 229, 230, 233, 241, 243, 244, 245, 247, 253, 254, 256, 257, 260, 267, 270, 273, 278, 279, 280, 281, 282, 283, 286, 287, 288, 289, 290, 293, 294, 295, 297, 301, 302, 304, 314, 315, 317, 318, 320, 321, 323, 324, 325, 326, 328, 334, 335, 337, 338, 340, 343, 348, 349, 351, 357, 358, 360, 361, 363, 369, 372, 373, 375, 381, 382, 384, 385, 388, 389, 390, 393, 396, 397, 400, 401, 402, 405, 406, 407, 409, 418, 424, 425, 426, 427, 428, 429, 430, 432, 436, 437, 446, 449, 453, 454, 455, 457, 458, 461, 469], "excluded_lines": []}, "SecurityMiddleware": {"executed_lines": [476, 477, 478, 481, 482, 483, 485], "summary": {"covered_lines": 7, "num_statements": 124, "percent_covered": 5.645161290322581, "percent_covered_display": "6", "missing_lines": 117, "excluded_lines": 0}, "missing_lines": [510, 513, 522, 523, 524, 527, 528, 529, 530, 533, 534, 537, 538, 552, 556, 557, 559, 560, 561, 563, 564, 565, 567, 568, 569, 570, 571, 572, 573, 574, 576, 577, 580, 583, 592, 594, 595, 596, 598, 607, 611, 614, 615, 616, 617, 618, 620, 621, 624, 627, 628, 629, 630, 631, 633, 634, 637, 641, 642, 645, 646, 647, 649, 650, 655, 656, 658, 665, 666, 667, 668, 671, 685, 686, 689, 690, 691, 692, 694, 699, 700, 703, 705, 710, 714, 726, 727, 730, 731, 732, 736, 737, 738, 739, 741, 744, 758, 762, 773, 774, 775, 776, 786, 787, 788, 791, 792, 799, 802, 805, 810, 811, 812, 815, 816, 817, 821], "excluded_lines": []}, "": {"executed_lines": [1, 8, 9, 10, 11, 12, 13, 14, 16, 17, 19, 20, 21, 23, 26, 27, 29, 30, 31, 32, 33, 34, 35, 36, 39, 40, 42, 77, 110, 118, 126, 132, 140, 201, 249, 299, 310, 330, 353, 377, 411, 434, 463, 472, 473, 475, 494, 554, 609, 639, 712, 760, 797, 839], "summary": {"covered_lines": 50, "num_statements": 51, "percent_covered": 98.03921568627452, "percent_covered_display": "98", "missing_lines": 1, "excluded_lines": 0}, "missing_lines": [841], "excluded_lines": []}}}, "opera_cloud_mcp/cli.py": {"executed_lines": [], "summary": {"covered_lines": 0, "num_statements": 106, "percent_covered": 0.0, "percent_covered_display": "0", "missing_lines": 106, "excluded_lines": 2}, "missing_lines": [7, 8, 9, 10, 11, 12, 14, 16, 19, 22, 24, 25, 27, 28, 31, 32, 33, 34, 36, 37, 38, 39, 42, 44, 47, 49, 52, 54, 55, 56, 57, 59, 61, 64, 81, 89, 92, 93, 94, 96, 99, 100, 102, 103, 104, 105, 107, 108, 110, 111, 113, 116, 118, 119, 120, 121, 123, 124, 125, 128, 129, 130, 131, 132, 133, 136, 137, 139, 140, 142, 143, 144, 147, 149, 150, 151, 152, 153, 155, 156, 159, 161, 162, 163, 165, 168, 170, 173, 197, 201, 202, 203, 204, 206, 207, 208, 210, 211, 212, 213, 214, 215, 216, 217, 218, 219], "excluded_lines": [222, 223], "functions": {"get_server_pid": {"executed_lines": [], "summary": {"covered_lines": 0, "num_statements": 12, "percent_covered": 0.0, "percent_covered_display": "0", "missing_lines": 12, "excluded_lines": 0}, "missing_lines": [24, 25, 27, 28, 31, 32, 33, 34, 36, 37, 38, 39], "excluded_lines": []}, "write_pid_file": {"executed_lines": [], "summary": {"covered_lines": 0, "num_statements": 1, "percent_covered": 0.0, "percent_covered_display": "0", "missing_lines": 1, "excluded_lines": 0}, "missing_lines": [44], "excluded_lines": []}, "remove_pid_file": {"executed_lines": [], "summary": {"covered_lines": 0, "num_statements": 1, "percent_covered": 0.0, "percent_covered_display": "0", "missing_lines": 1, "excluded_lines": 0}, "missing_lines": [49], "excluded_lines": []}, "start_server": {"executed_lines": [], "summary": {"covered_lines": 0, "num_statements": 24, "percent_covered": 0.0, "percent_covered_display": "0", "missing_lines": 24, "excluded_lines": 0}, "missing_lines": [54, 55, 56, 57, 59, 61, 64, 81, 89, 92, 93, 94, 96, 99, 100, 102, 103, 104, 105, 107, 108, 110, 111, 113], "excluded_lines": []}, "stop_server": {"executed_lines": [], "summary": {"covered_lines": 0, "num_statements": 20, "percent_covered": 0.0, "percent_covered_display": "0", "missing_lines": 20, "excluded_lines": 0}, "missing_lines": [118, 119, 120, 121, 123, 124, 125, 128, 129, 130, 131, 132, 133, 136, 137, 139, 140, 142, 143, 144], "excluded_lines": []}, "restart_server": {"executed_lines": [], "summary": {"covered_lines": 0, "num_statements": 7, "percent_covered": 0.0, "percent_covered_display": "0", "missing_lines": 7, "excluded_lines": 0}, "missing_lines": [149, 150, 151, 152, 153, 155, 156], "excluded_lines": []}, "show_status": {"executed_lines": [], "summary": {"covered_lines": 0, "num_statements": 4, "percent_covered": 0.0, "percent_covered_display": "0", "missing_lines": 4, "excluded_lines": 0}, "missing_lines": [161, 162, 163, 165], "excluded_lines": []}, "show_version": {"executed_lines": [], "summary": {"covered_lines": 0, "num_statements": 1, "percent_covered": 0.0, "percent_covered_display": "0", "missing_lines": 1, "excluded_lines": 0}, "missing_lines": [170], "excluded_lines": []}, "main": {"executed_lines": [], "summary": {"covered_lines": 0, "num_statements": 18, "percent_covered": 0.0, "percent_covered_display": "0", "missing_lines": 18, "excluded_lines": 0}, "missing_lines": [197, 201, 202, 203, 204, 206, 207, 208, 210, 211, 212, 213, 214, 215, 216, 217, 218, 219], "excluded_lines": []}, "": {"executed_lines": [], "summary": {"covered_lines": 0, "num_statements": 18, "percent_covered": 0.0, "percent_covered_display": "0", "missing_lines": 18, "excluded_lines": 2}, "missing_lines": [7, 8, 9, 10, 11, 12, 14, 16, 19, 22, 42, 47, 52, 116, 147, 159, 168, 173], "excluded_lines": [222, 223]}}, "classes": {"": {"executed_lines": [], "summary": {"covered_lines": 0, "num_statements": 106, "percent_covered": 0.0, "percent_covered_display": "0", "missing_lines": 106, "excluded_lines": 2}, "missing_lines": [7, 8, 9, 10, 11, 12, 14, 16, 19, 22, 24, 25, 27, 28, 31, 32, 33, 34, 36, 37, 38, 39, 42, 44, 47, 49, 52, 54, 55, 56, 57, 59, 61, 64, 81, 89, 92, 93, 94, 96, 99, 100, 102, 103, 104, 105, 107, 108, 110, 111, 113, 116, 118, 119, 120, 121, 123, 124, 125, 128, 129, 130, 131, 132, 133, 136, 137, 139, 140, 142, 143, 144, 147, 149, 150, 151, 152, 153, 155, 156, 159, 161, 162, 163, 165, 168, 170, 173, 197, 201, 202, 203, 204, 206, 207, 208, 210, 211, 212, 213, 214, 215, 216, 217, 218, 219], "excluded_lines": [222, 223]}}}, "opera_cloud_mcp/clients/__init__.py": {"executed_lines": [1, 8, 10], "summary": {"covered_lines": 2, "num_statements": 2, "percent_covered": 100.0, "percent_covered_display": "100", "missing_lines": 0, "excluded_lines": 0}, "missing_lines": [], "excluded_lines": [], "functions": {"": {"executed_lines": [1, 8, 10], "summary": {"covered_lines": 2, "num_statements": 2, "percent_covered": 100.0, "percent_covered_display": "100", "missing_lines": 0, "excluded_lines": 0}, "missing_lines": [], "excluded_lines": []}}, "classes": {"": {"executed_lines": [1, 8, 10], "summary": {"covered_lines": 2, "num_statements": 2, "percent_covered": 100.0, "percent_covered_display": "100", "missing_lines": 0, "excluded_lines": 0}, "missing_lines": [], "excluded_lines": []}}}, "opera_cloud_mcp/clients/api_clients/__init__.py": {"executed_lines": [1], "summary": {"covered_lines": 0, "num_statements": 0, "percent_covered": 100.0, "percent_covered_display": "100", "missing_lines": 0, "excluded_lines": 0}, "missing_lines": [], "excluded_lines": [], "functions": {"": {"executed_lines": [1], "summary": {"covered_lines": 0, "num_statements": 0, "percent_covered": 100.0, "percent_covered_display": "100", "missing_lines": 0, "excluded_lines": 0}, "missing_lines": [], "excluded_lines": []}}, "classes": {"": {"executed_lines": [1], "summary": {"covered_lines": 0, "num_statements": 0, "percent_covered": 100.0, "percent_covered_display": "100", "missing_lines": 0, "excluded_lines": 0}, "missing_lines": [], "excluded_lines": []}}}, "opera_cloud_mcp/clients/api_clients/activities.py": {"executed_lines": [1, 8, 9, 10, 11, 13, 15, 16, 19, 20, 22, 23, 24, 25, 26, 27, 28, 29, 30, 31, 32, 33, 34, 35, 36, 37, 38, 39, 41, 42, 43, 58, 59, 61, 62, 63, 64, 65, 66, 67, 68, 69, 70, 71, 72, 73, 76, 79, 80, 82, 83, 84, 91, 92, 94, 95, 96, 97, 100, 103, 104, 105, 106, 107, 110, 111, 113, 114, 115, 116, 119, 120, 121, 122, 125, 128, 129, 130, 132, 133, 134, 149, 150, 152, 153, 154, 155, 156, 157, 158, 159, 162, 163, 164, 165, 166, 167, 169, 170, 171, 180, 181, 183, 184, 185, 186, 187, 188, 189, 190, 191, 192, 193, 194, 196, 197, 198, 212, 213, 220, 221, 222, 226, 245, 246, 248, 249, 250, 252, 253, 254, 257, 259, 269, 271, 273, 316, 328, 329, 331, 333, 348, 350, 383, 407, 424, 426, 432, 436, 467, 484, 508, 531, 564, 595, 618, 635, 664, 677, 678, 680, 682, 716, 738, 762, 817, 838], "summary": {"covered_lines": 159, "num_statements": 284, "percent_covered": 55.985915492957744, "percent_covered_display": "56", "missing_lines": 125, "excluded_lines": 0}, "missing_lines": [44, 53, 54, 55, 85, 86, 87, 88, 135, 144, 145, 146, 172, 173, 174, 175, 176, 177, 199, 207, 208, 209, 251, 255, 285, 286, 288, 290, 312, 369, 370, 372, 373, 374, 375, 376, 377, 378, 379, 381, 397, 399, 405, 453, 454, 456, 457, 458, 459, 460, 461, 462, 463, 465, 480, 482, 498, 499, 501, 502, 504, 521, 522, 524, 525, 526, 527, 529, 543, 544, 546, 548, 562, 583, 586, 588, 589, 591, 608, 609, 611, 612, 613, 614, 616, 631, 633, 652, 654, 660, 695, 696, 698, 700, 712, 730, 731, 733, 734, 736, 752, 753, 755, 756, 758, 774, 781, 783, 784, 786, 787, 788, 794, 795, 796, 797, 804, 830, 831, 833, 834, 836, 853, 854, 856], "excluded_lines": [], "functions": {"Activity.validate_category": {"executed_lines": [], "summary": {"covered_lines": 0, "num_statements": 4, "percent_covered": 0.0, "percent_covered_display": "0", "missing_lines": 4, "excluded_lines": 0}, "missing_lines": [44, 53, 54, 55], "excluded_lines": []}, "ActivityBooking.validate_status": {"executed_lines": [], "summary": {"covered_lines": 0, "num_statements": 4, "percent_covered": 0.0, "percent_covered_display": "0", "missing_lines": 4, "excluded_lines": 0}, "missing_lines": [85, 86, 87, 88], "excluded_lines": []}, "SpaService.validate_service_type": {"executed_lines": [], "summary": {"covered_lines": 0, "num_statements": 4, "percent_covered": 0.0, "percent_covered_display": "0", "missing_lines": 4, "excluded_lines": 0}, "missing_lines": [135, 144, 145, 146], "excluded_lines": []}, "DiningReservation.validate_seating_area": {"executed_lines": [], "summary": {"covered_lines": 0, "num_statements": 6, "percent_covered": 0.0, "percent_covered_display": "0", "missing_lines": 6, "excluded_lines": 0}, "missing_lines": [172, 173, 174, 175, 176, 177], "excluded_lines": []}, "Equipment.validate_category": {"executed_lines": [], "summary": {"covered_lines": 0, "num_statements": 4, "percent_covered": 0.0, "percent_covered_display": "0", "missing_lines": 4, "excluded_lines": 0}, "missing_lines": [199, 207, 208, 209], "excluded_lines": []}, "ActivitiesClient.__init__": {"executed_lines": [221, 222], "summary": {"covered_lines": 2, "num_statements": 2, "percent_covered": 100.0, "percent_covered_display": "100", "missing_lines": 0, "excluded_lines": 0}, "missing_lines": [], "excluded_lines": []}, "ActivitiesClient.get_activities": {"executed_lines": [245, 246, 248, 249, 250, 252, 253, 254, 257], "summary": {"covered_lines": 9, "num_statements": 11, "percent_covered": 81.81818181818181, "percent_covered_display": "82", "missing_lines": 2, "excluded_lines": 0}, "missing_lines": [251, 255], "excluded_lines": []}, "ActivitiesClient.get_activity_details": {"executed_lines": [269, 271], "summary": {"covered_lines": 2, "num_statements": 2, "percent_covered": 100.0, "percent_covered_display": "100", "missing_lines": 0, "excluded_lines": 0}, "missing_lines": [], "excluded_lines": []}, "ActivitiesClient.create_activity": {"executed_lines": [], "summary": {"covered_lines": 0, "num_statements": 5, "percent_covered": 0.0, "percent_covered_display": "0", "missing_lines": 5, "excluded_lines": 0}, "missing_lines": [285, 286, 288, 290, 312], "excluded_lines": []}, "ActivitiesClient.create_activity_booking": {"executed_lines": [328, 329, 331, 333, 348], "summary": {"covered_lines": 5, "num_statements": 5, "percent_covered": 100.0, "percent_covered_display": "100", "missing_lines": 0, "excluded_lines": 0}, "missing_lines": [], "excluded_lines": []}, "ActivitiesClient.get_activity_bookings": {"executed_lines": [], "summary": {"covered_lines": 0, "num_statements": 11, "percent_covered": 0.0, "percent_covered_display": "0", "missing_lines": 11, "excluded_lines": 0}, "missing_lines": [369, 370, 372, 373, 374, 375, 376, 377, 378, 379, 381], "excluded_lines": []}, "ActivitiesClient.update_booking_status": {"executed_lines": [], "summary": {"covered_lines": 0, "num_statements": 3, "percent_covered": 0.0, "percent_covered_display": "0", "missing_lines": 3, "excluded_lines": 0}, "missing_lines": [397, 399, 405], "excluded_lines": []}, "ActivitiesClient.cancel_activity_booking": {"executed_lines": [424, 426, 432], "summary": {"covered_lines": 3, "num_statements": 3, "percent_covered": 100.0, "percent_covered_display": "100", "missing_lines": 0, "excluded_lines": 0}, "missing_lines": [], "excluded_lines": []}, "ActivitiesClient.get_spa_services": {"executed_lines": [], "summary": {"covered_lines": 0, "num_statements": 11, "percent_covered": 0.0, "percent_covered_display": "0", "missing_lines": 11, "excluded_lines": 0}, "missing_lines": [453, 454, 456, 457, 458, 459, 460, 461, 462, 463, 465], "excluded_lines": []}, "ActivitiesClient.book_spa_service": {"executed_lines": [], "summary": {"covered_lines": 0, "num_statements": 2, "percent_covered": 0.0, "percent_covered_display": "0", "missing_lines": 2, "excluded_lines": 0}, "missing_lines": [480, 482], "excluded_lines": []}, "ActivitiesClient.get_spa_availability": {"executed_lines": [], "summary": {"covered_lines": 0, "num_statements": 5, "percent_covered": 0.0, "percent_covered_display": "0", "missing_lines": 5, "excluded_lines": 0}, "missing_lines": [498, 499, 501, 502, 504], "excluded_lines": []}, "ActivitiesClient.get_restaurants": {"executed_lines": [], "summary": {"covered_lines": 0, "num_statements": 7, "percent_covered": 0.0, "percent_covered_display": "0", "missing_lines": 7, "excluded_lines": 0}, "missing_lines": [521, 522, 524, 525, 526, 527, 529], "excluded_lines": []}, "ActivitiesClient.create_dining_reservation": {"executed_lines": [], "summary": {"covered_lines": 0, "num_statements": 5, "percent_covered": 0.0, "percent_covered_display": "0", "missing_lines": 5, "excluded_lines": 0}, "
[...]
6, 28, 29, 30, 31, 32, 33, 34, 35, 38, 39, 41, 42, 43, 44, 47, 48, 49, 51, 52, 53, 54, 55, 56, 57, 58, 59, 60, 61, 64, 65, 66, 68, 69, 70, 71, 72, 73, 76, 77, 78, 80, 81, 82, 83, 84, 85, 86, 87, 88, 89, 90, 93, 94, 105, 142, 242, 248, 256, 275, 276, 285, 292, 340, 357, 358, 368, 392, 400, 408, 419, 426, 427, 436, 446, 455, 475, 519, 530, 531, 538, 560, 591, 625, 626, 642, 681, 701, 719, 720, 727, 767, 813, 828, 851, 869, 872, 874, 875, 881], "summary": {"covered_lines": 106, "num_statements": 111, "percent_covered": 95.49549549549549, "percent_covered_display": "95", "missing_lines": 5, "excluded_lines": 0}, "missing_lines": [878, 890, 891, 893, 900], "excluded_lines": []}}}, "opera_cloud_mcp/utils/resilience_manager.py": {"executed_lines": [], "summary": {"covered_lines": 0, "num_statements": 260, "percent_covered": 0.0, "percent_covered_display": "0", "missing_lines": 260, "excluded_lines": 0}, "missing_lines": [8, 9, 10, 11, 12, 13, 14, 15, 16, 17, 19, 22, 25, 26, 27, 30, 33, 34, 35, 36, 37, 38, 39, 42, 43, 46, 47, 48, 49, 50, 51, 60, 61, 64, 65, 66, 67, 68, 71, 72, 75, 76, 77, 80, 88, 99, 100, 101, 104, 105, 106, 107, 108, 111, 112, 113, 116, 120, 130, 132, 133, 135, 136, 138, 140, 142, 143, 145, 146, 148, 164, 165, 168, 169, 170, 171, 174, 175, 177, 179, 181, 188, 189, 191, 193, 194, 196, 198, 200, 201, 202, 203, 204, 205, 206, 207, 209, 211, 213, 214, 215, 216, 219, 221, 225, 226, 227, 236, 238, 240, 254, 262, 270, 271, 274, 277, 280, 281, 282, 283, 285, 294, 309, 311, 313, 317, 319, 321, 326, 328, 329, 331, 332, 333, 335, 339, 341, 352, 360, 367, 368, 401, 402, 404, 406, 416, 418, 419, 420, 421, 422, 423, 424, 425, 426, 427, 428, 429, 430, 431, 432, 434, 446, 447, 450, 452, 453, 455, 457, 461, 463, 465, 467, 471, 472, 473, 474, 483, 487, 491, 493, 497, 505, 507, 511, 522, 540, 541, 543, 544, 545, 552, 554, 556, 557, 558, 561, 562, 565, 566, 569, 572, 575, 577, 580, 581, 583, 585, 587, 588, 590, 597, 598, 599, 601, 602, 608, 611, 619, 626, 629, 630, 631, 634, 635, 637, 639, 643, 644, 645, 649, 651, 655, 656, 657, 659, 661, 685, 687, 688, 689, 690, 697, 698, 701, 705, 709, 711, 712, 715, 716, 717, 726, 727, 728, 729, 730, 739, 742, 744], "excluded_lines": [], "functions": {"CircuitBreaker.__init__": {"executed_lines": [], "summary": {"covered_lines": 0, "num_statements": 13, "percent_covered": 0.0, "percent_covered_display": "0", "missing_lines": 13, "excluded_lines": 0}, "missing_lines": [99, 100, 101, 104, 105, 106, 107, 108, 111, 112, 113, 116, 120], "excluded_lines": []}, "CircuitBreaker._should_attempt_reset": {"executed_lines": [], "summary": {"covered_lines": 0, "num_statements": 5, "percent_covered": 0.0, "percent_covered_display": "0", "missing_lines": 5, "excluded_lines": 0}, "missing_lines": [132, 133, 135, 136, 138], "excluded_lines": []}, "CircuitBreaker._calculate_failure_rate": {"executed_lines": [], "summary": {"covered_lines": 0, "num_statements": 4, "percent_covered": 0.0, "percent_covered_display": "0", "missing_lines": 4, "excluded_lines": 0}, "missing_lines": [142, 143, 145, 146], "excluded_lines": []}, "CircuitBreaker.call": {"executed_lines": [], "summary": {"covered_lines": 0, "num_statements": 16, "percent_covered": 0.0, "percent_covered_display": "0", "missing_lines": 16, "excluded_lines": 0}, "missing_lines": [164, 165, 168, 169, 170, 171, 174, 175, 177, 179, 181, 188, 189, 191, 193, 194], "excluded_lines": []}, "CircuitBreaker._record_success": {"executed_lines": [], "summary": {"covered_lines": 0, "num_statements": 10, "percent_covered": 0.0, "percent_covered_display": "0", "missing_lines": 10, "excluded_lines": 0}, "missing_lines": [198, 200, 201, 202, 203, 204, 205, 206, 207, 209], "excluded_lines": []}, "CircuitBreaker._record_failure": {"executed_lines": [], "summary": {"covered_lines": 0, "num_statements": 9, "percent_covered": 0.0, "percent_covered_display": "0", "missing_lines": 9, "excluded_lines": 0}, "missing_lines": [213, 214, 215, 216, 219, 221, 225, 226, 227], "excluded_lines": []}, "CircuitBreaker.get_metrics": {"executed_lines": [], "summary": {"covered_lines": 0, "num_statements": 2, "percent_covered": 0.0, "percent_covered_display": "0", "missing_lines": 2, "excluded_lines": 0}, "missing_lines": [238, 240], "excluded_lines": []}, "BulkheadIsolator.__init__": {"executed_lines": [], "summary": {"covered_lines": 0, "num_statements": 9, "percent_covered": 0.0, "percent_covered_display": "0", "missing_lines": 9, "excluded_lines": 0}, "missing_lines": [270, 271, 274, 277, 280, 281, 282, 283, 285], "excluded_lines": []}, "BulkheadIsolator.execute": {"executed_lines": [], "summary": {"covered_lines": 0, "num_statements": 13, "percent_covered": 0.0, "percent_covered_display": "0", "missing_lines": 13, "excluded_lines": 0}, "missing_lines": [309, 311, 313, 317, 319, 321, 326, 328, 329, 331, 332, 333, 335], "excluded_lines": []}, "BulkheadIsolator.get_metrics": {"executed_lines": [], "summary": {"covered_lines": 0, "num_statements": 1, "percent_covered": 0.0, "percent_covered_display": "0", "missing_lines": 1, "excluded_lines": 0}, "missing_lines": [341], "excluded_lines": []}, "RetryManager.__init__": {"executed_lines": [], "summary": {"covered_lines": 0, "num_statements": 5, "percent_covered": 0.0, "percent_covered_display": "0", "missing_lines": 5, "excluded_lines": 0}, "missing_lines": [367, 368, 401, 402, 404], "excluded_lines": []}, "RetryManager._classify_failure": {"executed_lines": [], "summary": {"covered_lines": 0, "num_statements": 16, "percent_covered": 0.0, "percent_covered_display": "0", "missing_lines": 16, "excluded_lines": 0}, "missing_lines": [416, 418, 419, 420, 421, 422, 423, 424, 425, 426, 427, 428, 429, 430, 431, 432], "excluded_lines": []}, "RetryManager._calculate_delay": {"executed_lines": [], "summary": {"covered_lines": 0, "num_statements": 6, "percent_covered": 0.0, "percent_covered_display": "0", "missing_lines": 6, "excluded_lines": 0}, "missing_lines": [446, 447, 450, 452, 453, 455], "excluded_lines": []}, "RetryManager._should_retry": {"executed_lines": [], "summary": {"covered_lines": 0, "num_statements": 1, "percent_covered": 0.0, "percent_covered_display": "0", "missing_lines": 1, "excluded_lines": 0}, "missing_lines": [461], "excluded_lines": []}, "RetryManager._is_last_attempt": {"executed_lines": [], "summary": {"covered_lines": 0, "num_statements": 1, "percent_covered": 0.0, "percent_covered_display": "0", "missing_lines": 1, "excluded_lines": 0}, "missing_lines": [465], "excluded_lines": []}, "RetryManager._handle_retry_success": {"executed_lines": [], "summary": {"covered_lines": 0, "num_statements": 4, "percent_covered": 0.0, "percent_covered_display": "0", "missing_lines": 4, "excluded_lines": 0}, "missing_lines": [471, 472, 473, 474], "excluded_lines": []}, "RetryManager._handle_non_retryable_failure": {"executed_lines": [], "summary": {"covered_lines": 0, "num_statements": 2, "percent_covered": 0.0, "percent_covered_display": "0", "missing_lines": 2, "excluded_lines": 0}, "missing_lines": [487, 491], "excluded_lines": []}, "RetryManager._handle_exhausted_attempts": {"executed_lines": [], "summary": {"covered_lines": 0, "num_statements": 2, "percent_covered": 0.0, "percent_covered_display": "0", "missing_lines": 2, "excluded_lines": 0}, "missing_lines": [497, 505], "excluded_lines": []}, "RetryManager._log_retry_attempt": {"executed_lines": [], "summary": {"covered_lines": 0, "num_statements": 1, "percent_covered": 0.0, "percent_covered_display": "0", "missing_lines": 1, "excluded_lines": 0}, "missing_lines": [511], "excluded_lines": []}, "RetryManager.execute_with_retry": {"executed_lines": [], "summary": {"covered_lines": 0, "num_statements": 21, "percent_covered": 0.0, "percent_covered_display": "0", "missing_lines": 21, "excluded_lines": 0}, "missing_lines": [540, 541, 543, 544, 545, 552, 554, 556, 557, 558, 561, 562, 565, 566, 569, 572, 575, 577, 580, 581, 583], "excluded_lines": []}, "RetryManager.get_retry_statistics": {"executed_lines": [], "summary": {"covered_lines": 0, "num_statements": 9, "percent_covered": 0.0, "percent_covered_display": "0", "missing_lines": 9, "excluded_lines": 0}, "missing_lines": [587, 588, 590, 597, 598, 599, 601, 602, 608], "excluded_lines": []}, "ResilienceManager.__init__": {"executed_lines": [], "summary": {"covered_lines": 0, "num_statements": 7, "percent_covered": 0.0, "percent_covered_display": "0", "missing_lines": 7, "excluded_lines": 0}, "missing_lines": [626, 629, 630, 631, 634, 635, 637], "excluded_lines": []}, "ResilienceManager.get_or_create_circuit_breaker": {"executed_lines": [], "summary": {"covered_lines": 0, "num_statements": 4, "percent_covered": 0.0, "percent_covered_display": "0", "missing_lines": 4, "excluded_lines": 0}, "missing_lines": [643, 644, 645, 649], "excluded_lines": []}, "ResilienceManager.get_or_create_bulkhead": {"executed_lines": [], "summary": {"covered_lines": 0, "num_statements": 4, "percent_covered": 0.0, "percent_covered_display": "0", "missing_lines": 4, "excluded_lines": 0}, "missing_lines": [655, 656, 657, 659], "excluded_lines": []}, "ResilienceManager.execute_with_resilience": {"executed_lines": [], "summary": {"covered_lines": 0, "num_statements": 5, "percent_covered": 0.0, "percent_covered_display": "0", "missing_lines": 5, "excluded_lines": 0}, "missing_lines": [685, 697, 698, 701, 705], "excluded_lines": []}, "ResilienceManager.execute_with_resilience.resilient_execution": {"executed_lines": [], "summary": {"covered_lines": 0, "num_statements": 4, "percent_covered": 0.0, "percent_covered_display": "0", "missing_lines": 4, "excluded_lines": 0}, "missing_lines": [687, 688, 689, 690], "excluded_lines": []}, "ResilienceManager.get_overall_health": {"executed_lines": [], "summary": {"covered_lines": 0, "num_statements": 13, "percent_covered": 0.0, "percent_covered_display": "0", "missing_lines": 13, "excluded_lines": 0}, "missing_lines": [711, 712, 715, 716, 717, 726, 727, 728, 729, 730, 739, 742, 744], "excluded_lines": []}, "": {"executed_lines": [], "summary": {"covered_lines": 0, "num_statements": 73, "percent_covered": 0.0, "percent_covered_display": "0", "missing_lines": 73, "excluded_lines": 0}, "missing_lines": [8, 9, 10, 11, 12, 13, 14, 15, 16, 17, 19, 22, 25, 26, 27, 30, 33, 34, 35, 36, 37, 38, 39, 42, 43, 46, 47, 48, 49, 50, 51, 60, 61, 64, 65, 66, 67, 68, 71, 72, 75, 76, 77, 80, 88, 130, 140, 148, 196, 211, 236, 254, 262, 294, 339, 352, 360, 406, 434, 457, 463, 467, 483, 493, 507, 522, 585, 611, 619, 639, 651, 661, 709], "excluded_lines": []}}, "classes": {"CircuitState": {"executed_lines": [], "summary": {"covered_lines": 0, "num_statements": 0, "percent_covered": 100.0, "percent_covered_display": "100", "missing_lines": 0, "excluded_lines": 0}, "missing_lines": [], "excluded_lines": []}, "FailureType": {"executed_lines": [], "summary": {"covered_lines": 0, "num_statements": 0, "percent_covered": 100.0, "percent_covered_display": "100", "missing_lines": 0, "excluded_lines": 0}, "missing_lines": [], "excluded_lines": []}, "RetryPolicy": {"executed_lines": [], "summary": {"covered_lines": 0, "num_statements": 0, "percent_covered": 100.0, "percent_covered_display": "100", "missing_lines": 0, "excluded_lines": 0}, "missing_lines": [], "excluded_lines": []}, "CircuitBreakerConfig": {"executed_lines": [], "summary": {"covered_lines": 0, "num_statements": 0, "percent_covered": 100.0, "percent_covered_display": "100", "missing_lines": 0, "excluded_lines": 0}, "missing_lines": [], "excluded_lines": []}, "BulkheadConfig": {"executed_lines": [], "summary": {"covered_lines": 0, "num_statements": 0, "percent_covered": 100.0, "percent_covered_display": "100", "missing_lines": 0, "excluded_lines": 0}, "missing_lines": [], "excluded_lines": []}, "CircuitBreaker": {"executed_lines": [], "summary": {"covered_lines": 0, "num_statements": 59, "percent_covered": 0.0, "percent_covered_display": "0", "missing_lines": 59, "excluded_lines": 0}, "missing_lines": [99, 100, 101, 104, 105, 106, 107, 108, 111, 112, 113, 116, 120, 132, 133, 135, 136, 138, 142, 143, 145, 146, 164, 165, 168, 169, 170, 171, 174, 175, 177, 179, 181, 188, 189, 191, 193, 194, 198, 200, 201, 202, 203, 204, 205, 206, 207, 209, 213, 214, 215, 216, 219, 221, 225, 226, 227, 238, 240], "excluded_lines": []}, "BulkheadIsolator": {"executed_lines": [], "summary": {"covered_lines": 0, "num_statements": 23, "percent_covered": 0.0, "percent_covered_display": "0", "missing_lines": 23, "excluded_lines": 0}, "missing_lines": [270, 271, 274, 277, 280, 281, 282, 283, 285, 309, 311, 313, 317, 319, 321, 326, 328, 329, 331, 332, 333, 335, 341], "excluded_lines": []}, "RetryManager": {"executed_lines": [], "summary": {"covered_lines": 0, "num_statements": 68, "percent_covered": 0.0, "percent_covered_display": "0", "missing_lines": 68, "excluded_lines": 0}, "missing_lines": [367, 368, 401, 402, 404, 416, 418, 419, 420, 421, 422, 423, 424, 425, 426, 427, 428, 429, 430, 431, 432, 446, 447, 450, 452, 453, 455, 461, 465, 471, 472, 473, 474, 487, 491, 497, 505, 511, 540, 541, 543, 544, 545, 552, 554, 556, 557, 558, 561, 562, 565, 566, 569, 572, 575, 577, 580, 581, 583, 587, 588, 590, 597, 598, 599, 601, 602, 608], "excluded_lines": []}, "ResilienceManager": {"executed_lines": [], "summary": {"covered_lines": 0, "num_statements": 37, "percent_covered": 0.0, "percent_covered_display": "0", "missing_lines": 37, "excluded_lines": 0}, "missing_lines": [626, 629, 630, 631, 634, 635, 637, 643, 644, 645, 649, 655, 656, 657, 659, 685, 687, 688, 689, 690, 697, 698, 701, 705, 711, 712, 715, 716, 717, 726, 727, 728, 729, 730, 739, 742, 744], "excluded_lines": []}, "": {"executed_lines": [], "summary": {"covered_lines": 0, "num_statements": 73, "percent_covered": 0.0, "percent_covered_display": "0", "missing_lines": 73, "excluded_lines": 0}, "missing_lines": [8, 9, 10, 11, 12, 13, 14, 15, 16, 17, 19, 22, 25, 26, 27, 30, 33, 34, 35, 36, 37, 38, 39, 42, 43, 46, 47, 48, 49, 50, 51, 60, 61, 64, 65, 66, 67, 68, 71, 72, 75, 76, 77, 80, 88, 130, 140, 148, 196, 211, 236, 254, 262, 294, 339, 352, 360, 406, 434, 457, 463, 467, 483, 493, 507, 522, 585, 611, 619, 639, 651, 661, 709], "excluded_lines": []}}}, "opera_cloud_mcp/utils/validators.py": {"executed_lines": [1, 8, 9, 11, 13, 16, 35, 45, 46, 47, 48, 53, 78, 91, 95, 96, 99, 100, 102, 107, 131, 144, 147, 148, 149, 154, 167, 170, 171, 172, 177, 203, 231, 232, 234, 235, 236, 237, 240, 241, 244, 246, 249, 250, 252, 253, 254, 255, 256, 258], "summary": {"covered_lines": 49, "num_statements": 86, "percent_covered": 56.97674418604651, "percent_covered_display": "57", "missing_lines": 37, "excluded_lines": 0}, "missing_lines": [29, 30, 31, 32, 66, 67, 69, 70, 72, 73, 75, 92, 120, 121, 123, 124, 128, 145, 150, 151, 168, 173, 174, 191, 192, 194, 195, 197, 198, 200, 214, 216, 217, 220, 226, 227, 257], "excluded_lines": [], "functions": {"validate_date_string": {"executed_lines": [], "summary": {"covered_lines": 0, "num_statements": 4, "percent_covered": 0.0, "percent_covered_display": "0", "missing_lines": 4, "excluded_lines": 0}, "missing_lines": [29, 30, 31, 32], "excluded_lines": []}, "validate_date_format": {"executed_lines": [45, 46, 47, 48], "summary": {"covered_lines": 4, "num_statements": 4, "percent_covered": 100.0, "percent_covered_display": "100", "missing_lines": 0, "excluded_lines": 0}, "missing_lines": [], "excluded_lines": []}, "validate_hotel_id": {"executed_lines": [], "summary": {"covered_lines": 0, "num_statements": 7, "percent_covered": 0.0, "percent_covered_display": "0", "missing_lines": 7, "excluded_lines": 0}, "missing_lines": [66, 67, 69, 70, 72, 73, 75], "excluded_lines": []}, "validate_confirmation_number": {"executed_lines": [91, 95, 96, 99, 100, 102], "summary": {"covered_lines": 6, "num_statements": 7, "percent_covered": 85.71428571428571, "percent_covered_display": "86", "missing_lines": 1, "excluded_lines": 0}, "missing_lines": [92], "excluded_lines": []}, "validate_room_number": {"executed_lines": [], "summary": {"covered_lines": 0, "num_statements": 5, "percent_covered": 0.0, "percent_covered_display": "0", "missing_lines": 5, "excluded_lines": 0}, "missing_lines": [120, 121, 123, 124, 128], "excluded_lines": []}, "validate_email": {"executed_lines": [144, 147, 148, 149], "summary": {"covered_lines": 4, "num_statements": 7, "percent_covered": 57.142857142857146, "percent_covered_display": "57", "missing_lines": 3, "excluded_lines": 0}, "missing_lines": [145, 150, 151], "excluded_lines": []}, "validate_phone": {"executed_lines": [167, 170, 171, 172], "summary": {"covered_lines": 4, "num_statements": 7, "percent_covered": 57.142857142857146, "percent_covered_display": "57", "missing_lines": 3, "excluded_lines": 0}, "missing_lines": [168, 173, 174], "excluded_lines": []}, "validate_pagination_params": {"executed_lines": [], "summary": {"covered_lines": 0, "num_statements": 7, "percent_covered": 0.0, "percent_covered_display": "0", "missing_lines": 7, "excluded_lines": 0}, "missing_lines": [191, 192, 194, 195, 197, 198, 200], "excluded_lines": []}, "validate_required_fields": {"executed_lines": [], "summary": {"covered_lines": 0, "num_statements": 6, "percent_covered": 0.0, "percent_covered_display": "0", "missing_lines": 6, "excluded_lines": 0}, "missing_lines": [214, 216, 217, 220, 226, 227], "excluded_lines": []}, "ConfirmationNumberValidator.validate_and_upper": {"executed_lines": [237], "summary": {"covered_lines": 1, "num_statements": 1, "percent_covered": 100.0, "percent_covered_display": "100", "missing_lines": 0, "excluded_lines": 0}, "missing_lines": [], "excluded_lines": []}, "clean_phone_number": {"executed_lines": [246], "summary": {"covered_lines": 1, "num_statements": 1, "percent_covered": 100.0, "percent_covered_display": "100", "missing_lines": 0, "excluded_lines": 0}, "missing_lines": [], "excluded_lines": []}, "PhoneValidator.validate_phone_format": {"executed_lines": [255, 256, 258], "summary": {"covered_lines": 3, "num_statements": 4, "percent_covered": 75.0, "percent_covered_display": "75", "missing_lines": 1, "excluded_lines": 0}, "missing_lines": [257], "excluded_lines": []}, "": {"executed_lines": [1, 8, 9, 11, 13, 16, 35, 53, 78, 107, 131, 154, 177, 203, 231, 232, 234, 235, 236, 240, 241, 244, 249, 250, 252, 253, 254], "summary": {"covered_lines": 26, "num_statements": 26, "percent_covered": 100.0, "percent_covered_display": "100", "missing_lines": 0, "excluded_lines": 0}, "missing_lines": [], "excluded_lines": []}}, "classes": {"ConfirmationNumberValidator": {"executed_lines": [237], "summary": {"covered_lines": 1, "num_statements": 1, "percent_covered": 100.0, "percent_covered_display": "100", "missing_lines": 0, "excluded_lines": 0}, "missing_lines": [], "excluded_lines": []}, "EmailValidator": {"executed_lines": [], "summary": {"covered_lines": 0, "num_statements": 0, "percent_covered": 100.0, "percent_covered_display": "100", "missing_lines": 0, "excluded_lines": 0}, "missing_lines": [], "excluded_lines": []}, "PhoneValidator": {"executed_lines": [255, 256, 258], "summary": {"covered_lines": 3, "num_statements": 4, "percent_covered": 75.0, "percent_covered_display": "75", "missing_lines": 1, "excluded_lines": 0}, "missing_lines": [257], "excluded_lines": []}, "": {"executed_lines": [1, 8, 9, 11, 13, 16, 35, 45, 46, 47, 48, 53, 78, 91, 95, 96, 99, 100, 102, 107, 131, 144, 147, 148, 149, 154, 167, 170, 171, 172, 177, 203, 231, 232, 234, 235, 236, 240, 241, 244, 246, 249, 250, 252, 253, 254], "summary": {"covered_lines": 45, "num_statements": 81, "percent_covered": 55.55555555555556, "percent_covered_display": "56", "missing_lines": 36, "excluded_lines": 0}, "missing_lines": [29, 30, 31, 32, 66, 67, 69, 70, 72, 73, 75, 92, 120, 121, 123, 124, 128, 145, 150, 151, 168, 173, 174, 191, 192, 194, 195, 197, 198, 200, 214, 216, 217, 220, 226, 227], "excluded_lines": []}}}}, "totals": {"covered_lines": 3090, "num_statements": 8486, "percent_covered": 36.41291539005421, "percent_covered_display": "36", "missing_lines": 5396, "excluded_lines": 8}}
